2017-12-29 1:04:42 - PHP Warning:  mysqli::mysqli(): (HY000/2002): No connection could be made because the target machine actively refused it.
 in D:\xampp\htdocs\Opencart\tt_organica\system\library\db\mysqli.php on line 7
2017-12-29 1:04:42 - PHP Warning:  DB\MySQLi::__construct(): Couldn't fetch mysqli in D:\xampp\htdocs\Opencart\tt_organica\system\library\db\mysqli.php on line 10
2017-12-29 1:04:42 - PHP Warning:  DB\MySQLi::__construct(): Couldn't fetch mysqli in D:\xampp\htdocs\Opencart\tt_organica\system\library\db\mysqli.php on line 10
2017-12-29 1:04:49 - PHP Warning:  mysqli::mysqli(): (HY000/2002): No connection could be made because the target machine actively refused it.
 in D:\xampp\htdocs\Opencart\tt_organica\system\library\db\mysqli.php on line 7
2017-12-29 1:04:49 - PHP Warning:  DB\MySQLi::__construct(): Couldn't fetch mysqli in D:\xampp\htdocs\Opencart\tt_organica\system\library\db\mysqli.php on line 10
2017-12-29 1:04:49 - PHP Warning:  DB\MySQLi::__construct(): Couldn't fetch mysqli in D:\xampp\htdocs\Opencart\tt_organica\system\library\db\mysqli.php on line 10
2017-12-29 1:08:08 - PHP Notice:  Undefined index: newslettersubscribe_thickbox in D:\xampp\htdocs\Opencart\tt_organica\catalog\controller\extension\module\newslettersubscribe.php on line 12
2017-12-29 1:12:39 - PHP Notice:  Undefined index: newslettersubscribe_thickbox in D:\xampp\htdocs\Opencart\tt_organica\catalog\controller\extension\module\newslettersubscribe.php on line 12
2018-01-03 1:26:20 - PHP Notice:  Undefined index: newslettersubscribe_thickbox in D:\xampp\htdocs\Opencart\tt_organica\catalog\controller\extension\module\newslettersubscribe.php on line 12
2018-01-03 1:41:15 - PHP Notice:  Undefined index: newslettersubscribe_thickbox in D:\xampp\htdocs\Opencart\tt_organica\catalog\controller\extension\module\newslettersubscribe.php on line 12
2018-01-04 2:13:14 - PHP Notice:  Undefined index: newslettersubscribe_thickbox in D:\xampp\htdocs\Opencart\tt_organica\catalog\controller\extension\module\newslettersubscribe.php on line 12
2018-01-04 2:40:57 - PHP Notice:  Undefined index: newslettersubscribe_thickbox in D:\xampp\htdocs\Opencart\tt_organica\catalog\controller\extension\module\newslettersubscribe.php on line 12
2018-01-04 2:41:32 - PHP Notice:  Undefined index: newslettersubscribe_thickbox in D:\xampp\htdocs\Opencart\tt_organica\catalog\controller\extension\module\newslettersubscribe.php on line 12
2018-01-04 2:41:32 - PHP Notice:  Undefined index: mobile in D:\xampp\htdocs\Opencart\tt_organica\catalog\controller\extension\module\ochozmegamenu.php on line 12
2018-01-04 2:41:32 - PHP Notice:  Undefined index: sticky in D:\xampp\htdocs\Opencart\tt_organica\catalog\controller\extension\module\ochozmegamenu.php on line 13
2018-01-04 2:41:32 - PHP Notice:  Undefined index: hactive in D:\xampp\htdocs\Opencart\tt_organica\catalog\model\hozmegamenu\menu.php on line 452
2018-01-04 2:41:32 - PHP Notice:  Undefined index: hhome in D:\xampp\htdocs\Opencart\tt_organica\catalog\model\hozmegamenu\menu.php on line 12
2018-01-04 2:44:35 - PHP Notice:  Undefined index: newslettersubscribe_thickbox in D:\xampp\htdocs\Opencart\tt_organica\catalog\controller\extension\module\newslettersubscribe.php on line 12
2018-01-04 2:44:35 - PHP Notice:  Undefined index: mobile in D:\xampp\htdocs\Opencart\tt_organica\catalog\controller\extension\module\ochozmegamenu.php on line 12
2018-01-04 2:44:35 - PHP Notice:  Undefined index: sticky in D:\xampp\htdocs\Opencart\tt_organica\catalog\controller\extension\module\ochozmegamenu.php on line 13
2018-01-04 2:44:35 - PHP Notice:  Undefined index: hactive in D:\xampp\htdocs\Opencart\tt_organica\catalog\model\hozmegamenu\menu.php on line 452
2018-01-04 2:44:35 - PHP Notice:  Undefined index: hhome in D:\xampp\htdocs\Opencart\tt_organica\catalog\model\hozmegamenu\menu.php on line 12
2018-01-04 2:45:35 - PHP Notice:  Undefined index: newslettersubscribe_thickbox in D:\xampp\htdocs\Opencart\tt_organica\catalog\controller\extension\module\newslettersubscribe.php on line 12
2018-01-04 2:45:35 - PHP Notice:  Undefined index: mobile in D:\xampp\htdocs\Opencart\tt_organica\catalog\controller\extension\module\ochozmegamenu.php on line 12
2018-01-04 2:45:35 - PHP Notice:  Undefined index: sticky in D:\xampp\htdocs\Opencart\tt_organica\catalog\controller\extension\module\ochozmegamenu.php on line 13
2018-01-04 2:45:35 - PHP Notice:  Undefined index: hactive in D:\xampp\htdocs\Opencart\tt_organica\catalog\model\hozmegamenu\menu.php on line 452
2018-01-04 2:45:35 - PHP Notice:  Undefined index: hhome in D:\xampp\htdocs\Opencart\tt_organica\catalog\model\hozmegamenu\menu.php on line 12
2018-01-04 2:46:35 - PHP Notice:  Undefined index: newslettersubscribe_thickbox in D:\xampp\htdocs\Opencart\tt_organica\catalog\controller\extension\module\newslettersubscribe.php on line 12
2018-01-04 2:46:36 - PHP Notice:  Undefined index: mobile in D:\xampp\htdocs\Opencart\tt_organica\catalog\controller\extension\module\ochozmegamenu.php on line 12
2018-01-04 2:46:36 - PHP Notice:  Undefined index: sticky in D:\xampp\htdocs\Opencart\tt_organica\catalog\controller\extension\module\ochozmegamenu.php on line 13
2018-01-04 2:46:36 - PHP Notice:  Undefined index: hactive in D:\xampp\htdocs\Opencart\tt_organica\catalog\model\hozmegamenu\menu.php on line 452
2018-01-04 2:46:36 - PHP Notice:  Undefined index: hhome in D:\xampp\htdocs\Opencart\tt_organica\catalog\model\hozmegamenu\menu.php on line 12
2018-01-04 2:53:17 - PHP Notice:  Undefined index: newslettersubscribe_thickbox in D:\xampp\htdocs\Opencart\tt_organica\catalog\controller\extension\module\newslettersubscribe.php on line 12
2018-01-04 2:53:17 - PHP Notice:  Undefined index: mobile in D:\xampp\htdocs\Opencart\tt_organica\catalog\controller\extension\module\ochozmegamenu.php on line 12
2018-01-04 2:53:17 - PHP Notice:  Undefined index: sticky in D:\xampp\htdocs\Opencart\tt_organica\catalog\controller\extension\module\ochozmegamenu.php on line 13
2018-01-04 2:53:17 - PHP Notice:  Undefined index: hactive in D:\xampp\htdocs\Opencart\tt_organica\catalog\model\hozmegamenu\menu.php on line 452
2018-01-04 2:53:17 - PHP Notice:  Undefined index: hhome in D:\xampp\htdocs\Opencart\tt_organica\catalog\model\hozmegamenu\menu.php on line 12
2018-01-04 2:53:24 - PHP Notice:  Undefined index: newslettersubscribe_thickbox in D:\xampp\htdocs\Opencart\tt_organica\catalog\controller\extension\module\newslettersubscribe.php on line 12
2018-01-04 2:53:25 - PHP Notice:  Undefined index: mobile in D:\xampp\htdocs\Opencart\tt_organica\catalog\controller\extension\module\ochozmegamenu.php on line 12
2018-01-04 2:53:25 - PHP Notice:  Undefined index: sticky in D:\xampp\htdocs\Opencart\tt_organica\catalog\controller\extension\module\ochozmegamenu.php on line 13
2018-01-04 2:53:25 - PHP Notice:  Undefined index: hactive in D:\xampp\htdocs\Opencart\tt_organica\catalog\model\hozmegamenu\menu.php on line 452
2018-01-04 2:53:25 - PHP Notice:  Undefined index: hhome in D:\xampp\htdocs\Opencart\tt_organica\catalog\model\hozmegamenu\menu.php on line 12
2018-01-04 3:00:14 - PHP Notice:  Undefined index: newslettersubscribe_thickbox in D:\xampp\htdocs\Opencart\tt_organica\catalog\controller\extension\module\newslettersubscribe.php on line 12
2018-01-04 3:00:14 - PHP Notice:  Undefined index: mobile in D:\xampp\htdocs\Opencart\tt_organica\catalog\controller\extension\module\ochozmegamenu.php on line 12
2018-01-04 3:00:14 - PHP Notice:  Undefined index: sticky in D:\xampp\htdocs\Opencart\tt_organica\catalog\controller\extension\module\ochozmegamenu.php on line 13
2018-01-04 3:00:14 - PHP Notice:  Undefined index: hactive in D:\xampp\htdocs\Opencart\tt_organica\catalog\model\hozmegamenu\menu.php on line 452
2018-01-04 3:00:14 - PHP Notice:  Undefined index: hhome in D:\xampp\htdocs\Opencart\tt_organica\catalog\model\hozmegamenu\menu.php on line 12
2018-01-05 9:13:02 - PHP Notice:  Undefined index: banner_id in D:\xampp\htdocs\Opencart\tt_organica\catalog\controller\extension\module\carousel.php on line 15
2018-01-05 9:13:03 - PHP Notice:  Undefined index: mobile in D:\xampp\htdocs\Opencart\tt_organica\catalog\controller\extension\module\ochozmegamenu.php on line 12
2018-01-05 9:13:03 - PHP Notice:  Undefined index: sticky in D:\xampp\htdocs\Opencart\tt_organica\catalog\controller\extension\module\ochozmegamenu.php on line 13
2018-01-05 9:13:03 - PHP Notice:  Undefined index: hactive in D:\xampp\htdocs\Opencart\tt_organica\catalog\model\hozmegamenu\menu.php on line 452
2018-01-05 9:13:03 - PHP Notice:  Undefined index: hhome in D:\xampp\htdocs\Opencart\tt_organica\catalog\model\hozmegamenu\menu.php on line 12
2018-01-05 9:13:03 - PHP Notice:  Undefined index: banner_id in D:\xampp\htdocs\Opencart\tt_organica\catalog\controller\extension\module\carousel.php on line 15
2018-01-05 9:14:20 - PHP Notice:  Undefined index: banner_id in D:\xampp\htdocs\Opencart\tt_organica\catalog\controller\extension\module\carousel.php on line 15
2018-01-05 9:14:20 - PHP Notice:  Undefined index: mobile in D:\xampp\htdocs\Opencart\tt_organica\catalog\controller\extension\module\ochozmegamenu.php on line 12
2018-01-05 9:14:20 - PHP Notice:  Undefined index: sticky in D:\xampp\htdocs\Opencart\tt_organica\catalog\controller\extension\module\ochozmegamenu.php on line 13
2018-01-05 9:14:20 - PHP Notice:  Undefined index: hactive in D:\xampp\htdocs\Opencart\tt_organica\catalog\model\hozmegamenu\menu.php on line 452
2018-01-05 9:14:20 - PHP Notice:  Undefined index: hhome in D:\xampp\htdocs\Opencart\tt_organica\catalog\model\hozmegamenu\menu.php on line 12
2018-01-05 9:14:20 - PHP Notice:  Undefined index: banner_id in D:\xampp\htdocs\Opencart\tt_organica\catalog\controller\extension\module\carousel.php on line 15
2018-01-05 9:40:53 - PHP Notice:  Undefined index: banner_id in D:\xampp\htdocs\Opencart\tt_organica\catalog\controller\extension\module\carousel.php on line 15
2018-01-05 9:40:54 - PHP Notice:  Undefined index: mobile in D:\xampp\htdocs\Opencart\tt_organica\catalog\controller\extension\module\ochozmegamenu.php on line 12
2018-01-05 9:40:54 - PHP Notice:  Undefined index: sticky in D:\xampp\htdocs\Opencart\tt_organica\catalog\controller\extension\module\ochozmegamenu.php on line 13
2018-01-05 9:40:54 - PHP Notice:  Undefined index: hactive in D:\xampp\htdocs\Opencart\tt_organica\catalog\model\hozmegamenu\menu.php on line 452
2018-01-05 9:40:54 - PHP Notice:  Undefined index: hhome in D:\xampp\htdocs\Opencart\tt_organica\catalog\model\hozmegamenu\menu.php on line 12
2018-01-05 9:40:54 - PHP Notice:  Undefined index: banner_id in D:\xampp\htdocs\Opencart\tt_organica\catalog\controller\extension\module\carousel.php on line 15
2018-01-08 1:05:53 - PHP Warning:  mysqli::mysqli(): (HY000/2002): No connection could be made because the target machine actively refused it.
 in D:\xampp\htdocs\Opencart\tt_organica\system\library\db\mysqli.php on line 7
2018-01-08 1:05:53 - PHP Warning:  DB\MySQLi::__construct(): Couldn't fetch mysqli in D:\xampp\htdocs\Opencart\tt_organica\system\library\db\mysqli.php on line 10
2018-01-08 1:05:53 - PHP Warning:  DB\MySQLi::__construct(): Couldn't fetch mysqli in D:\xampp\htdocs\Opencart\tt_organica\system\library\db\mysqli.php on line 10
2018-01-08 1:05:58 - PHP Warning:  mysqli::mysqli(): (HY000/2002): No connection could be made because the target machine actively refused it.
 in D:\xampp\htdocs\Opencart\tt_organica\system\library\db\mysqli.php on line 7
2018-01-08 1:05:58 - PHP Warning:  DB\MySQLi::__construct(): Couldn't fetch mysqli in D:\xampp\htdocs\Opencart\tt_organica\system\library\db\mysqli.php on line 10
2018-01-08 1:05:58 - PHP Warning:  DB\MySQLi::__construct(): Couldn't fetch mysqli in D:\xampp\htdocs\Opencart\tt_organica\system\library\db\mysqli.php on line 10
2018-01-08 7:15:16 - PHP Notice:  Undefined index: banner_id in D:\xampp\htdocs\Opencart\tt_organica\catalog\controller\extension\module\carousel.php on line 15
2018-01-08 7:15:16 - PHP Notice:  Undefined index: mobile in D:\xampp\htdocs\Opencart\tt_organica\catalog\controller\extension\module\ochozmegamenu.php on line 12
2018-01-08 7:15:16 - PHP Notice:  Undefined index: sticky in D:\xampp\htdocs\Opencart\tt_organica\catalog\controller\extension\module\ochozmegamenu.php on line 13
2018-01-08 7:15:16 - PHP Notice:  Undefined index: hactive in D:\xampp\htdocs\Opencart\tt_organica\catalog\model\hozmegamenu\menu.php on line 452
2018-01-08 7:15:16 - PHP Notice:  Undefined index: hhome in D:\xampp\htdocs\Opencart\tt_organica\catalog\model\hozmegamenu\menu.php on line 12
2018-01-08 7:15:16 - PHP Notice:  Undefined index: banner_id in D:\xampp\htdocs\Opencart\tt_organica\catalog\controller\extension\module\carousel.php on line 15
2018-01-09 6:38:06 - PHP Notice:  Undefined index: newslettersubscribe_thickbox in D:\xampp\htdocs\Opencart\tt_organica\catalog\controller\extension\module\newslettersubscribe.php on line 12
2018-01-09 6:38:06 - PHP Notice:  Undefined index: mobile in D:\xampp\htdocs\Opencart\tt_organica\catalog\controller\extension\module\ochozmegamenu.php on line 12
2018-01-09 6:38:06 - PHP Notice:  Undefined index: sticky in D:\xampp\htdocs\Opencart\tt_organica\catalog\controller\extension\module\ochozmegamenu.php on line 13
2018-01-09 6:38:06 - PHP Notice:  Undefined index: hactive in D:\xampp\htdocs\Opencart\tt_organica\catalog\model\hozmegamenu\menu.php on line 452
2018-01-09 6:38:06 - PHP Notice:  Undefined index: hhome in D:\xampp\htdocs\Opencart\tt_organica\catalog\model\hozmegamenu\menu.php on line 12
2018-01-09 7:23:28 - PHP Notice:  Uninitialized string offset: 1 in D:\xampp\htdocs\Opencart\tt_organica\catalog\controller\extension\module\ocproduct.php on line 119
2018-01-09 7:23:28 - PHP Notice:  Uninitialized string offset: 1 in D:\xampp\htdocs\Opencart\tt_organica\catalog\controller\extension\module\ocproduct.php on line 120
2018-01-09 7:23:28 - PHP Notice:  Uninitialized string offset: 1 in D:\xampp\htdocs\Opencart\tt_organica\catalog\controller\extension\module\ocproduct.php on line 122
2018-01-09 7:23:28 - PHP Notice:  Undefined index: product_id in D:\xampp\htdocs\Opencart\tt_organica\catalog\controller\extension\module\ocproduct.php on line 208
2018-01-09 7:23:28 - PHP Notice:  Undefined index: description in D:\xampp\htdocs\Opencart\tt_organica\catalog\controller\extension\module\ocproduct.php on line 211
2018-01-09 7:23:28 - PHP Notice:  Undefined index: product_id in D:\xampp\htdocs\Opencart\tt_organica\catalog\controller\extension\module\ocproduct.php on line 216
2018-01-09 7:23:28 - PHP Notice:  Undefined index: manufacturer in D:\xampp\htdocs\Opencart\tt_organica\catalog\controller\extension\module\ocproduct.php on line 220
2018-01-09 7:23:28 - PHP Notice:  Undefined index: manufacturer_id in D:\xampp\htdocs\Opencart\tt_organica\catalog\controller\extension\module\ocproduct.php on line 221
2018-01-09 7:23:28 - PHP Notice:  Undefined index: product_id in D:\xampp\htdocs\Opencart\tt_organica\catalog\controller\extension\module\ocproduct.php on line 208
2018-01-09 7:23:28 - PHP Notice:  Undefined index: description in D:\xampp\htdocs\Opencart\tt_organica\catalog\controller\extension\module\ocproduct.php on line 211
2018-01-09 7:23:28 - PHP Notice:  Undefined index: product_id in D:\xampp\htdocs\Opencart\tt_organica\catalog\controller\extension\module\ocproduct.php on line 216
2018-01-09 7:23:28 - PHP Notice:  Undefined index: manufacturer in D:\xampp\htdocs\Opencart\tt_organica\catalog\controller\extension\module\ocproduct.php on line 220
2018-01-09 7:23:28 - PHP Notice:  Undefined index: manufacturer_id in D:\xampp\htdocs\Opencart\tt_organica\catalog\controller\extension\module\ocproduct.php on line 221
2018-01-09 7:23:28 - PHP Notice:  Undefined index: product_id in D:\xampp\htdocs\Opencart\tt_organica\catalog\controller\extension\module\ocproduct.php on line 208
2018-01-09 7:23:28 - PHP Notice:  Undefined index: description in D:\xampp\htdocs\Opencart\tt_organica\catalog\controller\extension\module\ocproduct.php on line 211
2018-01-09 7:23:28 - PHP Notice:  Undefined index: product_id in D:\xampp\htdocs\Opencart\tt_organica\catalog\controller\extension\module\ocproduct.php on line 216
2018-01-09 7:23:28 - PHP Notice:  Undefined index: manufacturer in D:\xampp\htdocs\Opencart\tt_organica\catalog\controller\extension\module\ocproduct.php on line 220
2018-01-09 7:23:28 - PHP Notice:  Undefined index: manufacturer_id in D:\xampp\htdocs\Opencart\tt_organica\catalog\controller\extension\module\ocproduct.php on line 221
2018-01-09 7:23:28 - PHP Notice:  Undefined index: product_id in D:\xampp\htdocs\Opencart\tt_organica\catalog\controller\extension\module\ocproduct.php on line 208
2018-01-09 7:23:28 - PHP Notice:  Undefined index: description in D:\xampp\htdocs\Opencart\tt_organica\catalog\controller\extension\module\ocproduct.php on line 211
2018-01-09 7:23:28 - PHP Notice:  Undefined index: product_id in D:\xampp\htdocs\Opencart\tt_organica\catalog\controller\extension\module\ocproduct.php on line 216
2018-01-09 7:23:28 - PHP Notice:  Undefined index: manufacturer in D:\xampp\htdocs\Opencart\tt_organica\catalog\controller\extension\module\ocproduct.php on line 220
2018-01-09 7:23:28 - PHP Notice:  Undefined index: manufacturer_id in D:\xampp\htdocs\Opencart\tt_organica\catalog\controller\extension\module\ocproduct.php on line 221
2018-01-09 7:23:28 - PHP Notice:  Undefined index: product_id in D:\xampp\htdocs\Opencart\tt_organica\catalog\controller\extension\module\ocproduct.php on line 208
2018-01-09 7:23:28 - PHP Notice:  Undefined index: description in D:\xampp\htdocs\Opencart\tt_organica\catalog\controller\extension\module\ocproduct.php on line 211
2018-01-09 7:23:28 - PHP Notice:  Undefined index: product_id in D:\xampp\htdocs\Opencart\tt_organica\catalog\controller\extension\module\ocproduct.php on line 216
2018-01-09 7:23:28 - PHP Notice:  Undefined index: manufacturer in D:\xampp\htdocs\Opencart\tt_organica\catalog\controller\extension\module\ocproduct.php on line 220
2018-01-09 7:23:28 - PHP Notice:  Undefined index: manufacturer_id in D:\xampp\htdocs\Opencart\tt_organica\catalog\controller\extension\module\ocproduct.php on line 221
2018-01-09 7:23:28 - PHP Notice:  Undefined index: product_id in D:\xampp\htdocs\Opencart\tt_organica\catalog\controller\extension\module\ocproduct.php on line 208
2018-01-09 7:23:28 - PHP Notice:  Undefined index: description in D:\xampp\htdocs\Opencart\tt_organica\catalog\controller\extension\module\ocproduct.php on line 211
2018-01-09 7:23:28 - PHP Notice:  Undefined index: product_id in D:\xampp\htdocs\Opencart\tt_organica\catalog\controller\extension\module\ocproduct.php on line 216
2018-01-09 7:23:28 - PHP Notice:  Undefined index: manufacturer in D:\xampp\htdocs\Opencart\tt_organica\catalog\controller\extension\module\ocproduct.php on line 220
2018-01-09 7:23:28 - PHP Notice:  Undefined index: manufacturer_id in D:\xampp\htdocs\Opencart\tt_organica\catalog\controller\extension\module\ocproduct.php on line 221
2018-01-09 7:23:28 - PHP Notice:  Undefined index: product_id in D:\xampp\htdocs\Opencart\tt_organica\catalog\controller\extension\module\ocproduct.php on line 208
2018-01-09 7:23:28 - PHP Notice:  Undefined index: description in D:\xampp\htdocs\Opencart\tt_organica\catalog\controller\extension\module\ocproduct.php on line 211
2018-01-09 7:23:28 - PHP Notice:  Undefined index: product_id in D:\xampp\htdocs\Opencart\tt_organica\catalog\controller\extension\module\ocproduct.php on line 216
2018-01-09 7:23:28 - PHP Notice:  Undefined index: manufacturer in D:\xampp\htdocs\Opencart\tt_organica\catalog\controller\extension\module\ocproduct.php on line 220
2018-01-09 7:23:28 - PHP Notice:  Undefined index: manufacturer_id in D:\xampp\htdocs\Opencart\tt_organica\catalog\controller\extension\module\ocproduct.php on line 221
2018-01-09 7:23:28 - PHP Notice:  Undefined index: product_id in D:\xampp\htdocs\Opencart\tt_organica\catalog\controller\extension\module\ocproduct.php on line 208
2018-01-09 7:23:28 - PHP Notice:  Undefined index: description in D:\xampp\htdocs\Opencart\tt_organica\catalog\controller\extension\module\ocproduct.php on line 211
2018-01-09 7:23:28 - PHP Notice:  Undefined index: product_id in D:\xampp\htdocs\Opencart\tt_organica\catalog\controller\extension\module\ocproduct.php on line 216
2018-01-09 7:23:28 - PHP Notice:  Undefined index: manufacturer in D:\xampp\htdocs\Opencart\tt_organica\catalog\controller\extension\module\ocproduct.php on line 220
2018-01-09 7:23:28 - PHP Notice:  Undefined index: manufacturer_id in D:\xampp\htdocs\Opencart\tt_organica\catalog\controller\extension\module\ocproduct.php on line 221
2018-01-09 7:23:30 - PHP Notice:  Uninitialized string offset: 1 in D:\xampp\htdocs\Opencart\tt_organica\catalog\controller\extension\module\ocproduct.php on line 119
2018-01-09 7:23:30 - PHP Notice:  Uninitialized string offset: 1 in D:\xampp\htdocs\Opencart\tt_organica\catalog\controller\extension\module\ocproduct.php on line 120
2018-01-09 7:23:30 - PHP Notice:  Uninitialized string offset: 1 in D:\xampp\htdocs\Opencart\tt_organica\catalog\controller\extension\module\ocproduct.php on line 122
2018-01-09 7:23:30 - PHP Notice:  Undefined index: product_id in D:\xampp\htdocs\Opencart\tt_organica\catalog\controller\extension\module\ocproduct.php on line 208
2018-01-09 7:23:30 - PHP Notice:  Undefined index: description in D:\xampp\htdocs\Opencart\tt_organica\catalog\controller\extension\module\ocproduct.php on line 211
2018-01-09 7:23:30 - PHP Notice:  Undefined index: product_id in D:\xampp\htdocs\Opencart\tt_organica\catalog\controller\extension\module\ocproduct.php on line 216
2018-01-09 7:23:30 - PHP Notice:  Undefined index: manufacturer in D:\xampp\htdocs\Opencart\tt_organica\catalog\controller\extension\module\ocproduct.php on line 220
2018-01-09 7:23:30 - PHP Notice:  Undefined index: manufacturer_id in D:\xampp\htdocs\Opencart\tt_organica\catalog\controller\extension\module\ocproduct.php on line 221
2018-01-09 7:23:30 - PHP Notice:  Undefined index: product_id in D:\xampp\htdocs\Opencart\tt_organica\catalog\controller\extension\module\ocproduct.php on line 208
2018-01-09 7:23:30 - PHP Notice:  Undefined index: description in D:\xampp\htdocs\Opencart\tt_organica\catalog\controller\extension\module\ocproduct.php on line 211
2018-01-09 7:23:30 - PHP Notice:  Undefined index: product_id in D:\xampp\htdocs\Opencart\tt_organica\catalog\controller\extension\module\ocproduct.php on line 216
2018-01-09 7:23:30 - PHP Notice:  Undefined index: manufacturer in D:\xampp\htdocs\Opencart\tt_organica\catalog\controller\extension\module\ocproduct.php on line 220
2018-01-09 7:23:30 - PHP Notice:  Undefined index: manufacturer_id in D:\xampp\htdocs\Opencart\tt_organica\catalog\controller\extension\module\ocproduct.php on line 221
2018-01-09 7:23:30 - PHP Notice:  Undefined index: product_id in D:\xampp\htdocs\Opencart\tt_organica\catalog\controller\extension\module\ocproduct.php on line 208
2018-01-09 7:23:30 - PHP Notice:  Undefined index: description in D:\xampp\htdocs\Opencart\tt_organica\catalog\controller\extension\module\ocproduct.php on line 211
2018-01-09 7:23:30 - PHP Notice:  Undefined index: product_id in D:\xampp\htdocs\Opencart\tt_organica\catalog\controller\extension\module\ocproduct.php on line 216
2018-01-09 7:23:30 - PHP Notice:  Undefined index: manufacturer in D:\xampp\htdocs\Opencart\tt_organica\catalog\controller\extension\module\ocproduct.php on line 220
2018-01-09 7:23:30 - PHP Notice:  Undefined index: manufacturer_id in D:\xampp\htdocs\Opencart\tt_organica\catalog\controller\extension\module\ocproduct.php on line 221
2018-01-09 7:23:30 - PHP Notice:  Undefined index: product_id in D:\xampp\htdocs\Opencart\tt_organica\catalog\controller\extension\module\ocproduct.php on line 208
2018-01-09 7:23:30 - PHP Notice:  Undefined index: description in D:\xampp\htdocs\Opencart\tt_organica\catalog\controller\extension\module\ocproduct.php on line 211
2018-01-09 7:23:30 - PHP Notice:  Undefined index: product_id in D:\xampp\htdocs\Opencart\tt_organica\catalog\controller\extension\module\ocproduct.php on line 216
2018-01-09 7:23:30 - PHP Notice:  Undefined index: manufacturer in D:\xampp\htdocs\Opencart\tt_organica\catalog\controller\extension\module\ocproduct.php on line 220
2018-01-09 7:23:30 - PHP Notice:  Undefined index: manufacturer_id in D:\xampp\htdocs\Opencart\tt_organica\catalog\controller\extension\module\ocproduct.php on line 221
2018-01-09 7:23:30 - PHP Notice:  Undefined index: product_id in D:\xampp\htdocs\Opencart\tt_organica\catalog\controller\extension\module\ocproduct.php on line 208
2018-01-09 7:23:30 - PHP Notice:  Undefined index: description in D:\xampp\htdocs\Opencart\tt_organica\catalog\controller\extension\module\ocproduct.php on line 211
2018-01-09 7:23:30 - PHP Notice:  Undefined index: product_id in D:\xampp\htdocs\Opencart\tt_organica\catalog\controller\extension\module\ocproduct.php on line 216
2018-01-09 7:23:30 - PHP Notice:  Undefined index: manufacturer in D:\xampp\htdocs\Opencart\tt_organica\catalog\controller\extension\module\ocproduct.php on line 220
2018-01-09 7:23:30 - PHP Notice:  Undefined index: manufacturer_id in D:\xampp\htdocs\Opencart\tt_organica\catalog\controller\extension\module\ocproduct.php on line 221
2018-01-09 7:23:30 - PHP Notice:  Undefined index: product_id in D:\xampp\htdocs\Opencart\tt_organica\catalog\controller\extension\module\ocproduct.php on line 208
2018-01-09 7:23:30 - PHP Notice:  Undefined index: description in D:\xampp\htdocs\Opencart\tt_organica\catalog\controller\extension\module\ocproduct.php on line 211
2018-01-09 7:23:30 - PHP Notice:  Undefined index: product_id in D:\xampp\htdocs\Opencart\tt_organica\catalog\controller\extension\module\ocproduct.php on line 216
2018-01-09 7:23:30 - PHP Notice:  Undefined index: manufacturer in D:\xampp\htdocs\Opencart\tt_organica\catalog\controller\extension\module\ocproduct.php on line 220
2018-01-09 7:23:30 - PHP Notice:  Undefined index: manufacturer_id in D:\xampp\htdocs\Opencart\tt_organica\catalog\controller\extension\module\ocproduct.php on line 221
2018-01-09 7:23:30 - PHP Notice:  Undefined index: product_id in D:\xampp\htdocs\Opencart\tt_organica\catalog\controller\extension\module\ocproduct.php on line 208
2018-01-09 7:23:30 - PHP Notice:  Undefined index: description in D:\xampp\htdocs\Opencart\tt_organica\catalog\controller\extension\module\ocproduct.php on line 211
2018-01-09 7:23:30 - PHP Notice:  Undefined index: product_id in D:\xampp\htdocs\Opencart\tt_organica\catalog\controller\extension\module\ocproduct.php on line 216
2018-01-09 7:23:30 - PHP Notice:  Undefined index: manufacturer in D:\xampp\htdocs\Opencart\tt_organica\catalog\controller\extension\module\ocproduct.php on line 220
2018-01-09 7:23:30 - PHP Notice:  Undefined index: manufacturer_id in D:\xampp\htdocs\Opencart\tt_organica\catalog\controller\extension\module\ocproduct.php on line 221
2018-01-09 7:23:30 - PHP Notice:  Undefined index: product_id in D:\xampp\htdocs\Opencart\tt_organica\catalog\controller\extension\module\ocproduct.php on line 208
2018-01-09 7:23:30 - PHP Notice:  Undefined index: description in D:\xampp\htdocs\Opencart\tt_organica\catalog\controller\extension\module\ocproduct.php on line 211
2018-01-09 7:23:30 - PHP Notice:  Undefined index: product_id in D:\xampp\htdocs\Opencart\tt_organica\catalog\controller\extension\module\ocproduct.php on line 216
2018-01-09 7:23:30 - PHP Notice:  Undefined index: manufacturer in D:\xampp\htdocs\Opencart\tt_organica\catalog\controller\extension\module\ocproduct.php on line 220
2018-01-09 7:23:30 - PHP Notice:  Undefined index: manufacturer_id in D:\xampp\htdocs\Opencart\tt_organica\catalog\controller\extension\module\ocproduct.php on line 221
2018-01-09 7:24:35 - PHP Notice:  Uninitialized string offset: 1 in D:\xampp\htdocs\Opencart\tt_organica\catalog\controller\extension\module\ocproduct.php on line 119
2018-01-09 7:24:35 - PHP Notice:  Uninitialized string offset: 1 in D:\xampp\htdocs\Opencart\tt_organica\catalog\controller\extension\module\ocproduct.php on line 120
2018-01-09 7:24:35 - PHP Notice:  Uninitialized string offset: 1 in D:\xampp\htdocs\Opencart\tt_organica\catalog\controller\extension\module\ocproduct.php on line 122
2018-01-09 7:24:35 - PHP Notice:  Undefined index: product_id in D:\xampp\htdocs\Opencart\tt_organica\catalog\controller\extension\module\ocproduct.php on line 208
2018-01-09 7:24:35 - PHP Notice:  Undefined index: description in D:\xampp\htdocs\Opencart\tt_organica\catalog\controller\extension\module\ocproduct.php on line 211
2018-01-09 7:24:35 - PHP Notice:  Undefined index: product_id in D:\xampp\htdocs\Opencart\tt_organica\catalog\controller\extension\module\ocproduct.php on line 216
2018-01-09 7:24:35 - PHP Notice:  Undefined index: manufacturer in D:\xampp\htdocs\Opencart\tt_organica\catalog\controller\extension\module\ocproduct.php on line 220
2018-01-09 7:24:35 - PHP Notice:  Undefined index: manufacturer_id in D:\xampp\htdocs\Opencart\tt_organica\catalog\controller\extension\module\ocproduct.php on line 221
2018-01-09 7:24:35 - PHP Notice:  Undefined index: product_id in D:\xampp\htdocs\Opencart\tt_organica\catalog\controller\extension\module\ocproduct.php on line 208
2018-01-09 7:24:35 - PHP Notice:  Undefined index: description in D:\xampp\htdocs\Opencart\tt_organica\catalog\controller\extension\module\ocproduct.php on line 211
2018-01-09 7:24:35 - PHP Notice:  Undefined index: product_id in D:\xampp\htdocs\Opencart\tt_organica\catalog\controller\extension\module\ocproduct.php on line 216
2018-01-09 7:24:35 - PHP Notice:  Undefined index: manufacturer in D:\xampp\htdocs\Opencart\tt_organica\catalog\controller\extension\module\ocproduct.php on line 220
2018-01-09 7:24:35 - PHP Notice:  Undefined index: manufacturer_id in D:\xampp\htdocs\Opencart\tt_organica\catalog\controller\extension\module\ocproduct.php on line 221
2018-01-09 7:24:35 - PHP Notice:  Undefined index: product_id in D:\xampp\htdocs\Opencart\tt_organica\catalog\controller\extension\module\ocproduct.php on line 208
2018-01-09 7:24:35 - PHP Notice:  Undefined index: description in D:\xampp\htdocs\Opencart\tt_organica\catalog\controller\extension\module\ocproduct.php on line 211
2018-01-09 7:24:35 - PHP Notice:  Undefined index: product_id in D:\xampp\htdocs\Opencart\tt_organica\catalog\controller\extension\module\ocproduct.php on line 216
2018-01-09 7:24:35 - PHP Notice:  Undefined index: manufacturer in D:\xampp\htdocs\Opencart\tt_organica\catalog\controller\extension\module\ocproduct.php on line 220
2018-01-09 7:24:35 - PHP Notice:  Undefined index: manufacturer_id in D:\xampp\htdocs\Opencart\tt_organica\catalog\controller\extension\module\ocproduct.php on line 221
2018-01-09 7:24:35 - PHP Notice:  Undefined index: product_id in D:\xampp\htdocs\Opencart\tt_organica\catalog\controller\extension\module\ocproduct.php on line 208
2018-01-09 7:24:35 - PHP Notice:  Undefined index: description in D:\xampp\htdocs\Opencart\tt_organica\catalog\controller\extension\module\ocproduct.php on line 211
2018-01-09 7:24:35 - PHP Notice:  Undefined index: product_id in D:\xampp\htdocs\Opencart\tt_organica\catalog\controller\extension\module\ocproduct.php on line 216
2018-01-09 7:24:35 - PHP Notice:  Undefined index: manufacturer in D:\xampp\htdocs\Opencart\tt_organica\catalog\controller\extension\module\ocproduct.php on line 220
2018-01-09 7:24:35 - PHP Notice:  Undefined index: manufacturer_id in D:\xampp\htdocs\Opencart\tt_organica\catalog\controller\extension\module\ocproduct.php on line 221
2018-01-09 7:24:35 - PHP Notice:  Undefined index: product_id in D:\xampp\htdocs\Opencart\tt_organica\catalog\controller\extension\module\ocproduct.php on line 208
2018-01-09 7:24:35 - PHP Notice:  Undefined index: description in D:\xampp\htdocs\Opencart\tt_organica\catalog\controller\extension\module\ocproduct.php on line 211
2018-01-09 7:24:35 - PHP Notice:  Undefined index: product_id in D:\xampp\htdocs\Opencart\tt_organica\catalog\controller\extension\module\ocproduct.php on line 216
2018-01-09 7:24:35 - PHP Notice:  Undefined index: manufacturer in D:\xampp\htdocs\Opencart\tt_organica\catalog\controller\extension\module\ocproduct.php on line 220
2018-01-09 7:24:35 - PHP Notice:  Undefined index: manufacturer_id in D:\xampp\htdocs\Opencart\tt_organica\catalog\controller\extension\module\ocproduct.php on line 221
2018-01-09 7:24:35 - PHP Notice:  Undefined index: product_id in D:\xampp\htdocs\Opencart\tt_organica\catalog\controller\extension\module\ocproduct.php on line 208
2018-01-09 7:24:35 - PHP Notice:  Undefined index: description in D:\xampp\htdocs\Opencart\tt_organica\catalog\controller\extension\module\ocproduct.php on line 211
2018-01-09 7:24:35 - PHP Notice:  Undefined index: product_id in D:\xampp\htdocs\Opencart\tt_organica\catalog\controller\extension\module\ocproduct.php on line 216
2018-01-09 7:24:35 - PHP Notice:  Undefined index: manufacturer in D:\xampp\htdocs\Opencart\tt_organica\catalog\controller\extension\module\ocproduct.php on line 220
2018-01-09 7:24:35 - PHP Notice:  Undefined index: manufacturer_id in D:\xampp\htdocs\Opencart\tt_organica\catalog\controller\extension\module\ocproduct.php on line 221
2018-01-09 7:24:35 - PHP Notice:  Undefined index: product_id in D:\xampp\htdocs\Opencart\tt_organica\catalog\controller\extension\module\ocproduct.php on line 208
2018-01-09 7:24:35 - PHP Notice:  Undefined index: description in D:\xampp\htdocs\Opencart\tt_organica\catalog\controller\extension\module\ocproduct.php on line 211
2018-01-09 7:24:35 - PHP Notice:  Undefined index: product_id in D:\xampp\htdocs\Opencart\tt_organica\catalog\controller\extension\module\ocproduct.php on line 216
2018-01-09 7:24:35 - PHP Notice:  Undefined index: manufacturer in D:\xampp\htdocs\Opencart\tt_organica\catalog\controller\extension\module\ocproduct.php on line 220
2018-01-09 7:24:35 - PHP Notice:  Undefined index: manufacturer_id in D:\xampp\htdocs\Opencart\tt_organica\catalog\controller\extension\module\ocproduct.php on line 221
2018-01-09 7:24:38 - PHP Notice:  Uninitialized string offset: 1 in D:\xampp\htdocs\Opencart\tt_organica\catalog\controller\extension\module\ocproduct.php on line 119
2018-01-09 7:24:38 - PHP Notice:  Uninitialized string offset: 1 in D:\xampp\htdocs\Opencart\tt_organica\catalog\controller\extension\module\ocproduct.php on line 120
2018-01-09 7:24:38 - PHP Notice:  Uninitialized string offset: 1 in D:\xampp\htdocs\Opencart\tt_organica\catalog\controller\extension\module\ocproduct.php on line 122
2018-01-09 7:24:38 - PHP Notice:  Undefined index: product_id in D:\xampp\htdocs\Opencart\tt_organica\catalog\controller\extension\module\ocproduct.php on line 208
2018-01-09 7:24:38 - PHP Notice:  Undefined index: description in D:\xampp\htdocs\Opencart\tt_organica\catalog\controller\extension\module\ocproduct.php on line 211
2018-01-09 7:24:38 - PHP Notice:  Undefined index: product_id in D:\xampp\htdocs\Opencart\tt_organica\catalog\controller\extension\module\ocproduct.php on line 216
2018-01-09 7:24:38 - PHP Notice:  Undefined index: manufacturer in D:\xampp\htdocs\Opencart\tt_organica\catalog\controller\extension\module\ocproduct.php on line 220
2018-01-09 7:24:38 - PHP Notice:  Undefined index: manufacturer_id in D:\xampp\htdocs\Opencart\tt_organica\catalog\controller\extension\module\ocproduct.php on line 221
2018-01-09 7:24:38 - PHP Notice:  Undefined index: product_id in D:\xampp\htdocs\Opencart\tt_organica\catalog\controller\extension\module\ocproduct.php on line 208
2018-01-09 7:24:38 - PHP Notice:  Undefined index: description in D:\xampp\htdocs\Opencart\tt_organica\catalog\controller\extension\module\ocproduct.php on line 211
2018-01-09 7:24:38 - PHP Notice:  Undefined index: product_id in D:\xampp\htdocs\Opencart\tt_organica\catalog\controller\extension\module\ocproduct.php on line 216
2018-01-09 7:24:38 - PHP Notice:  Undefined index: manufacturer in D:\xampp\htdocs\Opencart\tt_organica\catalog\controller\extension\module\ocproduct.php on line 220
2018-01-09 7:24:38 - PHP Notice:  Undefined index: manufacturer_id in D:\xampp\htdocs\Opencart\tt_organica\catalog\controller\extension\module\ocproduct.php on line 221
2018-01-09 7:24:38 - PHP Notice:  Undefined index: product_id in D:\xampp\htdocs\Opencart\tt_organica\catalog\controller\extension\module\ocproduct.php on line 208
2018-01-09 7:24:38 - PHP Notice:  Undefined index: description in D:\xampp\htdocs\Opencart\tt_organica\catalog\controller\extension\module\ocproduct.php on line 211
2018-01-09 7:24:38 - PHP Notice:  Undefined index: product_id in D:\xampp\htdocs\Opencart\tt_organica\catalog\controller\extension\module\ocproduct.php on line 216
2018-01-09 7:24:38 - PHP Notice:  Undefined index: manufacturer in D:\xampp\htdocs\Opencart\tt_organica\catalog\controller\extension\module\ocproduct.php on line 220
2018-01-09 7:24:38 - PHP Notice:  Undefined index: manufacturer_id in D:\xampp\htdocs\Opencart\tt_organica\catalog\controller\extension\module\ocproduct.php on line 221
2018-01-09 7:24:38 - PHP Notice:  Undefined index: product_id in D:\xampp\htdocs\Opencart\tt_organica\catalog\controller\extension\module\ocproduct.php on line 208
2018-01-09 7:24:38 - PHP Notice:  Undefined index: description in D:\xampp\htdocs\Opencart\tt_organica\catalog\controller\extension\module\ocproduct.php on line 211
2018-01-09 7:24:38 - PHP Notice:  Undefined index: product_id in D:\xampp\htdocs\Opencart\tt_organica\catalog\controller\extension\module\ocproduct.php on line 216
2018-01-09 7:24:38 - PHP Notice:  Undefined index: manufacturer in D:\xampp\htdocs\Opencart\tt_organica\catalog\controller\extension\module\ocproduct.php on line 220
2018-01-09 7:24:38 - PHP Notice:  Undefined index: manufacturer_id in D:\xampp\htdocs\Opencart\tt_organica\catalog\controller\extension\module\ocproduct.php on line 221
2018-01-09 7:24:38 - PHP Notice:  Undefined index: product_id in D:\xampp\htdocs\Opencart\tt_organica\catalog\controller\extension\module\ocproduct.php on line 208
2018-01-09 7:24:38 - PHP Notice:  Undefined index: description in D:\xampp\htdocs\Opencart\tt_organica\catalog\controller\extension\module\ocproduct.php on line 211
2018-01-09 7:24:38 - PHP Notice:  Undefined index: product_id in D:\xampp\htdocs\Opencart\tt_organica\catalog\controller\extension\module\ocproduct.php on line 216
2018-01-09 7:24:38 - PHP Notice:  Undefined index: manufacturer in D:\xampp\htdocs\Opencart\tt_organica\catalog\controller\extension\module\ocproduct.php on line 220
2018-01-09 7:24:38 - PHP Notice:  Undefined index: manufacturer_id in D:\xampp\htdocs\Opencart\tt_organica\catalog\controller\extension\module\ocproduct.php on line 221
2018-01-09 7:24:38 - PHP Notice:  Undefined index: product_id in D:\xampp\htdocs\Opencart\tt_organica\catalog\controller\extension\module\ocproduct.php on line 208
2018-01-09 7:24:38 - PHP Notice:  Undefined index: description in D:\xampp\htdocs\Opencart\tt_organica\catalog\controller\extension\module\ocproduct.php on line 211
2018-01-09 7:24:38 - PHP Notice:  Undefined index: product_id in D:\xampp\htdocs\Opencart\tt_organica\catalog\controller\extension\module\ocproduct.php on line 216
2018-01-09 7:24:38 - PHP Notice:  Undefined index: manufacturer in D:\xampp\htdocs\Opencart\tt_organica\catalog\controller\extension\module\ocproduct.php on line 220
2018-01-09 7:24:38 - PHP Notice:  Undefined index: manufacturer_id in D:\xampp\htdocs\Opencart\tt_organica\catalog\controller\extension\module\ocproduct.php on line 221
2018-01-09 7:24:38 - PHP Notice:  Undefined index: product_id in D:\xampp\htdocs\Opencart\tt_organica\catalog\controller\extension\module\ocproduct.php on line 208
2018-01-09 7:24:38 - PHP Notice:  Undefined index: description in D:\xampp\htdocs\Opencart\tt_organica\catalog\controller\extension\module\ocproduct.php on line 211
2018-01-09 7:24:38 - PHP Notice:  Undefined index: product_id in D:\xampp\htdocs\Opencart\tt_organica\catalog\controller\extension\module\ocproduct.php on line 216
2018-01-09 7:24:38 - PHP Notice:  Undefined index: manufacturer in D:\xampp\htdocs\Opencart\tt_organica\catalog\controller\extension\module\ocproduct.php on line 220
2018-01-09 7:24:38 - PHP Notice:  Undefined index: manufacturer_id in D:\xampp\htdocs\Opencart\tt_organica\catalog\controller\extension\module\ocproduct.php on line 221
2018-01-09 7:28:14 - PHP Notice:  Undefined index: product_id in D:\xampp\htdocs\Opencart\tt_organica\catalog\controller\extension\module\ocproduct.php on line 208
2018-01-09 7:28:14 - PHP Notice:  Undefined index: description in D:\xampp\htdocs\Opencart\tt_organica\catalog\controller\extension\module\ocproduct.php on line 211
2018-01-09 7:28:14 - PHP Notice:  Undefined index: product_id in D:\xampp\htdocs\Opencart\tt_organica\catalog\controller\extension\module\ocproduct.php on line 216
2018-01-09 7:28:14 - PHP Notice:  Undefined index: manufacturer in D:\xampp\htdocs\Opencart\tt_organica\catalog\controller\extension\module\ocproduct.php on line 220
2018-01-09 7:28:14 - PHP Notice:  Undefined index: manufacturer_id in D:\xampp\htdocs\Opencart\tt_organica\catalog\controller\extension\module\ocproduct.php on line 221
2018-01-09 7:28:14 - PHP Notice:  Undefined index: product_id in D:\xampp\htdocs\Opencart\tt_organica\catalog\controller\extension\module\ocproduct.php on line 208
2018-01-09 7:28:14 - PHP Notice:  Undefined index: description in D:\xampp\htdocs\Opencart\tt_organica\catalog\controller\extension\module\ocproduct.php on line 211
2018-01-09 7:28:14 - PHP Notice:  Undefined index: product_id in D:\xampp\htdocs\Opencart\tt_organica\catalog\controller\extension\module\ocproduct.php on line 216
2018-01-09 7:28:14 - PHP Notice:  Undefined index: manufacturer in D:\xampp\htdocs\Opencart\tt_organica\catalog\controller\extension\module\ocproduct.php on line 220
2018-01-09 7:28:14 - PHP Notice:  Undefined index: manufacturer_id in D:\xampp\htdocs\Opencart\tt_organica\catalog\controller\extension\module\ocproduct.php on line 221
2018-01-09 7:28:14 - PHP Notice:  Undefined index: product_id in D:\xampp\htdocs\Opencart\tt_organica\catalog\controller\extension\module\ocproduct.php on line 208
2018-01-09 7:28:14 - PHP Notice:  Undefined index: description in D:\xampp\htdocs\Opencart\tt_organica\catalog\controller\extension\module\ocproduct.php on line 211
2018-01-09 7:28:14 - PHP Notice:  Undefined index: product_id in D:\xampp\htdocs\Opencart\tt_organica\catalog\controller\extension\module\ocproduct.php on line 216
2018-01-09 7:28:14 - PHP Notice:  Undefined index: manufacturer in D:\xampp\htdocs\Opencart\tt_organica\catalog\controller\extension\module\ocproduct.php on line 220
2018-01-09 7:28:14 - PHP Notice:  Undefined index: manufacturer_id in D:\xampp\htdocs\Opencart\tt_organica\catalog\controller\extension\module\ocproduct.php on line 221
2018-01-09 7:28:14 - PHP Notice:  Undefined index: product_id in D:\xampp\htdocs\Opencart\tt_organica\catalog\controller\extension\module\ocproduct.php on line 208
2018-01-09 7:28:14 - PHP Notice:  Undefined index: description in D:\xampp\htdocs\Opencart\tt_organica\catalog\controller\extension\module\ocproduct.php on line 211
2018-01-09 7:28:14 - PHP Notice:  Undefined index: product_id in D:\xampp\htdocs\Opencart\tt_organica\catalog\controller\extension\module\ocproduct.php on line 216
2018-01-09 7:28:14 - PHP Notice:  Undefined index: manufacturer in D:\xampp\htdocs\Opencart\tt_organica\catalog\controller\extension\module\ocproduct.php on line 220
2018-01-09 7:28:14 - PHP Notice:  Undefined index: manufacturer_id in D:\xampp\htdocs\Opencart\tt_organica\catalog\controller\extension\module\ocproduct.php on line 221
2018-01-09 7:28:14 - PHP Notice:  Undefined index: product_id in D:\xampp\htdocs\Opencart\tt_organica\catalog\controller\extension\module\ocproduct.php on line 208
2018-01-09 7:28:14 - PHP Notice:  Undefined index: description in D:\xampp\htdocs\Opencart\tt_organica\catalog\controller\extension\module\ocproduct.php on line 211
2018-01-09 7:28:14 - PHP Notice:  Undefined index: product_id in D:\xampp\htdocs\Opencart\tt_organica\catalog\controller\extension\module\ocproduct.php on line 216
2018-01-09 7:28:14 - PHP Notice:  Undefined index: manufacturer in D:\xampp\htdocs\Opencart\tt_organica\catalog\controller\extension\module\ocproduct.php on line 220
2018-01-09 7:28:14 - PHP Notice:  Undefined index: manufacturer_id in D:\xampp\htdocs\Opencart\tt_organica\catalog\controller\extension\module\ocproduct.php on line 221
2018-01-09 7:28:14 - PHP Notice:  Undefined index: product_id in D:\xampp\htdocs\Opencart\tt_organica\catalog\controller\extension\module\ocproduct.php on line 208
2018-01-09 7:28:14 - PHP Notice:  Undefined index: description in D:\xampp\htdocs\Opencart\tt_organica\catalog\controller\extension\module\ocproduct.php on line 211
2018-01-09 7:28:14 - PHP Notice:  Undefined index: product_id in D:\xampp\htdocs\Opencart\tt_organica\catalog\controller\extension\module\ocproduct.php on line 216
2018-01-09 7:28:14 - PHP Notice:  Undefined index: manufacturer in D:\xampp\htdocs\Opencart\tt_organica\catalog\controller\extension\module\ocproduct.php on line 220
2018-01-09 7:28:14 - PHP Notice:  Undefined index: manufacturer_id in D:\xampp\htdocs\Opencart\tt_organica\catalog\controller\extension\module\ocproduct.php on line 221
2018-01-09 7:28:14 - PHP Notice:  Undefined index: product_id in D:\xampp\htdocs\Opencart\tt_organica\catalog\controller\extension\module\ocproduct.php on line 208
2018-01-09 7:28:14 - PHP Notice:  Undefined index: description in D:\xampp\htdocs\Opencart\tt_organica\catalog\controller\extension\module\ocproduct.php on line 211
2018-01-09 7:28:14 - PHP Notice:  Undefined index: product_id in D:\xampp\htdocs\Opencart\tt_organica\catalog\controller\extension\module\ocproduct.php on line 216
2018-01-09 7:28:14 - PHP Notice:  Undefined index: manufacturer in D:\xampp\htdocs\Opencart\tt_organica\catalog\controller\extension\module\ocproduct.php on line 220
2018-01-09 7:28:14 - PHP Notice:  Undefined index: manufacturer_id in D:\xampp\htdocs\Opencart\tt_organica\catalog\controller\extension\module\ocproduct.php on line 221
2018-01-09 7:28:16 - PHP Notice:  Undefined index: product_id in D:\xampp\htdocs\Opencart\tt_organica\catalog\controller\extension\module\ocproduct.php on line 208
2018-01-09 7:28:16 - PHP Notice:  Undefined index: description in D:\xampp\htdocs\Opencart\tt_organica\catalog\controller\extension\module\ocproduct.php on line 211
2018-01-09 7:28:16 - PHP Notice:  Undefined index: product_id in D:\xampp\htdocs\Opencart\tt_organica\catalog\controller\extension\module\ocproduct.php on line 216
2018-01-09 7:28:16 - PHP Notice:  Undefined index: manufacturer in D:\xampp\htdocs\Opencart\tt_organica\catalog\controller\extension\module\ocproduct.php on line 220
2018-01-09 7:28:16 - PHP Notice:  Undefined index: manufacturer_id in D:\xampp\htdocs\Opencart\tt_organica\catalog\controller\extension\module\ocproduct.php on line 221
2018-01-09 7:28:16 - PHP Notice:  Undefined index: product_id in D:\xampp\htdocs\Opencart\tt_organica\catalog\controller\extension\module\ocproduct.php on line 208
2018-01-09 7:28:16 - PHP Notice:  Undefined index: description in D:\xampp\htdocs\Opencart\tt_organica\catalog\controller\extension\module\ocproduct.php on line 211
2018-01-09 7:28:16 - PHP Notice:  Undefined index: product_id in D:\xampp\htdocs\Opencart\tt_organica\catalog\controller\extension\module\ocproduct.php on line 216
2018-01-09 7:28:16 - PHP Notice:  Undefined index: manufacturer in D:\xampp\htdocs\Opencart\tt_organica\catalog\controller\extension\module\ocproduct.php on line 220
2018-01-09 7:28:16 - PHP Notice:  Undefined index: manufacturer_id in D:\xampp\htdocs\Opencart\tt_organica\catalog\controller\extension\module\ocproduct.php on line 221
2018-01-09 7:28:16 - PHP Notice:  Undefined index: product_id in D:\xampp\htdocs\Opencart\tt_organica\catalog\controller\extension\module\ocproduct.php on line 208
2018-01-09 7:28:16 - PHP Notice:  Undefined index: description in D:\xampp\htdocs\Opencart\tt_organica\catalog\controller\extension\module\ocproduct.php on line 211
2018-01-09 7:28:16 - PHP Notice:  Undefined index: product_id in D:\xampp\htdocs\Opencart\tt_organica\catalog\controller\extension\module\ocproduct.php on line 216
2018-01-09 7:28:16 - PHP Notice:  Undefined index: manufacturer in D:\xampp\htdocs\Opencart\tt_organica\catalog\controller\extension\module\ocproduct.php on line 220
2018-01-09 7:28:16 - PHP Notice:  Undefined index: manufacturer_id in D:\xampp\htdocs\Opencart\tt_organica\catalog\controller\extension\module\ocproduct.php on line 221
2018-01-09 7:28:16 - PHP Notice:  Undefined index: product_id in D:\xampp\htdocs\Opencart\tt_organica\catalog\controller\extension\module\ocproduct.php on line 208
2018-01-09 7:28:16 - PHP Notice:  Undefined index: description in D:\xampp\htdocs\Opencart\tt_organica\catalog\controller\extension\module\ocproduct.php on line 211
2018-01-09 7:28:16 - PHP Notice:  Undefined index: product_id in D:\xampp\htdocs\Opencart\tt_organica\catalog\controller\extension\module\ocproduct.php on line 216
2018-01-09 7:28:16 - PHP Notice:  Undefined index: manufacturer in D:\xampp\htdocs\Opencart\tt_organica\catalog\controller\extension\module\ocproduct.php on line 220
2018-01-09 7:28:16 - PHP Notice:  Undefined index: manufacturer_id in D:\xampp\htdocs\Opencart\tt_organica\catalog\controller\extension\module\ocproduct.php on line 221
2018-01-09 7:28:16 - PHP Notice:  Undefined index: product_id in D:\xampp\htdocs\Opencart\tt_organica\catalog\controller\extension\module\ocproduct.php on line 208
2018-01-09 7:28:16 - PHP Notice:  Undefined index: description in D:\xampp\htdocs\Opencart\tt_organica\catalog\controller\extension\module\ocproduct.php on line 211
2018-01-09 7:28:16 - PHP Notice:  Undefined index: product_id in D:\xampp\htdocs\Opencart\tt_organica\catalog\controller\extension\module\ocproduct.php on line 216
2018-01-09 7:28:16 - PHP Notice:  Undefined index: manufacturer in D:\xampp\htdocs\Opencart\tt_organica\catalog\controller\extension\module\ocproduct.php on line 220
2018-01-09 7:28:16 - PHP Notice:  Undefined index: manufacturer_id in D:\xampp\htdocs\Opencart\tt_organica\catalog\controller\extension\module\ocproduct.php on line 221
2018-01-09 7:28:16 - PHP Notice:  Undefined index: product_id in D:\xampp\htdocs\Opencart\tt_organica\catalog\controller\extension\module\ocproduct.php on line 208
2018-01-09 7:28:16 - PHP Notice:  Undefined index: description in D:\xampp\htdocs\Opencart\tt_organica\catalog\controller\extension\module\ocproduct.php on line 211
2018-01-09 7:28:16 - PHP Notice:  Undefined index: product_id in D:\xampp\htdocs\Opencart\tt_organica\catalog\controller\extension\module\ocproduct.php on line 216
2018-01-09 7:28:16 - PHP Notice:  Undefined index: manufacturer in D:\xampp\htdocs\Opencart\tt_organica\catalog\controller\extension\module\ocproduct.php on line 220
2018-01-09 7:28:16 - PHP Notice:  Undefined index: manufacturer_id in D:\xampp\htdocs\Opencart\tt_organica\catalog\controller\extension\module\ocproduct.php on line 221
2018-01-09 7:28:16 - PHP Notice:  Undefined index: product_id in D:\xampp\htdocs\Opencart\tt_organica\catalog\controller\extension\module\ocproduct.php on line 208
2018-01-09 7:28:16 - PHP Notice:  Undefined index: description in D:\xampp\htdocs\Opencart\tt_organica\catalog\controller\extension\module\ocproduct.php on line 211
2018-01-09 7:28:16 - PHP Notice:  Undefined index: product_id in D:\xampp\htdocs\Opencart\tt_organica\catalog\controller\extension\module\ocproduct.php on line 216
2018-01-09 7:28:16 - PHP Notice:  Undefined index: manufacturer in D:\xampp\htdocs\Opencart\tt_organica\catalog\controller\extension\module\ocproduct.php on line 220
2018-01-09 7:28:16 - PHP Notice:  Undefined index: manufacturer_id in D:\xampp\htdocs\Opencart\tt_organica\catalog\controller\extension\module\ocproduct.php on line 221
2018-01-09 7:29:20 - PHP Notice:  Undefined index: product_id in D:\xampp\htdocs\Opencart\tt_organica\catalog\controller\extension\module\ocproduct.php on line 208
2018-01-09 7:29:20 - PHP Notice:  Undefined index: description in D:\xampp\htdocs\Opencart\tt_organica\catalog\controller\extension\module\ocproduct.php on line 211
2018-01-09 7:29:20 - PHP Notice:  Undefined index: product_id in D:\xampp\htdocs\Opencart\tt_organica\catalog\controller\extension\module\ocproduct.php on line 216
2018-01-09 7:29:20 - PHP Notice:  Undefined index: manufacturer in D:\xampp\htdocs\Opencart\tt_organica\catalog\controller\extension\module\ocproduct.php on line 220
2018-01-09 7:29:20 - PHP Notice:  Undefined index: manufacturer_id in D:\xampp\htdocs\Opencart\tt_organica\catalog\controller\extension\module\ocproduct.php on line 221
2018-01-09 7:29:20 - PHP Notice:  Undefined index: product_id in D:\xampp\htdocs\Opencart\tt_organica\catalog\controller\extension\module\ocproduct.php on line 208
2018-01-09 7:29:20 - PHP Notice:  Undefined index: description in D:\xampp\htdocs\Opencart\tt_organica\catalog\controller\extension\module\ocproduct.php on line 211
2018-01-09 7:29:20 - PHP Notice:  Undefined index: product_id in D:\xampp\htdocs\Opencart\tt_organica\catalog\controller\extension\module\ocproduct.php on line 216
2018-01-09 7:29:20 - PHP Notice:  Undefined index: manufacturer in D:\xampp\htdocs\Opencart\tt_organica\catalog\controller\extension\module\ocproduct.php on line 220
2018-01-09 7:29:20 - PHP Notice:  Undefined index: manufacturer_id in D:\xampp\htdocs\Opencart\tt_organica\catalog\controller\extension\module\ocproduct.php on line 221
2018-01-09 7:29:20 - PHP Notice:  Undefined index: product_id in D:\xampp\htdocs\Opencart\tt_organica\catalog\controller\extension\module\ocproduct.php on line 208
2018-01-09 7:29:20 - PHP Notice:  Undefined index: description in D:\xampp\htdocs\Opencart\tt_organica\catalog\controller\extension\module\ocproduct.php on line 211
2018-01-09 7:29:20 - PHP Notice:  Undefined index: product_id in D:\xampp\htdocs\Opencart\tt_organica\catalog\controller\extension\module\ocproduct.php on line 216
2018-01-09 7:29:20 - PHP Notice:  Undefined index: manufacturer in D:\xampp\htdocs\Opencart\tt_organica\catalog\controller\extension\module\ocproduct.php on line 220
2018-01-09 7:29:20 - PHP Notice:  Undefined index: manufacturer_id in D:\xampp\htdocs\Opencart\tt_organica\catalog\controller\extension\module\ocproduct.php on line 221
2018-01-09 7:29:20 - PHP Notice:  Undefined index: product_id in D:\xampp\htdocs\Opencart\tt_organica\catalog\controller\extension\module\ocproduct.php on line 208
2018-01-09 7:29:20 - PHP Notice:  Undefined index: description in D:\xampp\htdocs\Opencart\tt_organica\catalog\controller\extension\module\ocproduct.php on line 211
2018-01-09 7:29:20 - PHP Notice:  Undefined index: product_id in D:\xampp\htdocs\Opencart\tt_organica\catalog\controller\extension\module\ocproduct.php on line 216
2018-01-09 7:29:20 - PHP Notice:  Undefined index: manufacturer in D:\xampp\htdocs\Opencart\tt_organica\catalog\controller\extension\module\ocproduct.php on line 220
2018-01-09 7:29:20 - PHP Notice:  Undefined index: manufacturer_id in D:\xampp\htdocs\Opencart\tt_organica\catalog\controller\extension\module\ocproduct.php on line 221
2018-01-09 7:29:20 - PHP Notice:  Undefined index: product_id in D:\xampp\htdocs\Opencart\tt_organica\catalog\controller\extension\module\ocproduct.php on line 208
2018-01-09 7:29:20 - PHP Notice:  Undefined index: description in D:\xampp\htdocs\Opencart\tt_organica\catalog\controller\extension\module\ocproduct.php on line 211
2018-01-09 7:29:20 - PHP Notice:  Undefined index: product_id in D:\xampp\htdocs\Opencart\tt_organica\catalog\controller\extension\module\ocproduct.php on line 216
2018-01-09 7:29:20 - PHP Notice:  Undefined index: manufacturer in D:\xampp\htdocs\Opencart\tt_organica\catalog\controller\extension\module\ocproduct.php on line 220
2018-01-09 7:29:20 - PHP Notice:  Undefined index: manufacturer_id in D:\xampp\htdocs\Opencart\tt_organica\catalog\controller\extension\module\ocproduct.php on line 221
2018-01-09 7:29:20 - PHP Notice:  Undefined index: product_id in D:\xampp\htdocs\Opencart\tt_organica\catalog\controller\extension\module\ocproduct.php on line 208
2018-01-09 7:29:20 - PHP Notice:  Undefined index: description in D:\xampp\htdocs\Opencart\tt_organica\catalog\controller\extension\module\ocproduct.php on line 211
2018-01-09 7:29:20 - PHP Notice:  Undefined index: product_id in D:\xampp\htdocs\Opencart\tt_organica\catalog\controller\extension\module\ocproduct.php on line 216
2018-01-09 7:29:20 - PHP Notice:  Undefined index: manufacturer in D:\xampp\htdocs\Opencart\tt_organica\catalog\controller\extension\module\ocproduct.php on line 220
2018-01-09 7:29:20 - PHP Notice:  Undefined index: manufacturer_id in D:\xampp\htdocs\Opencart\tt_organica\catalog\controller\extension\module\ocproduct.php on line 221
2018-01-09 7:29:20 - PHP Notice:  Undefined index: product_id in D:\xampp\htdocs\Opencart\tt_organica\catalog\controller\extension\module\ocproduct.php on line 208
2018-01-09 7:29:20 - PHP Notice:  Undefined index: description in D:\xampp\htdocs\Opencart\tt_organica\catalog\controller\extension\module\ocproduct.php on line 211
2018-01-09 7:29:20 - PHP Notice:  Undefined index: product_id in D:\xampp\htdocs\Opencart\tt_organica\catalog\controller\extension\module\ocproduct.php on line 216
2018-01-09 7:29:20 - PHP Notice:  Undefined index: manufacturer in D:\xampp\htdocs\Opencart\tt_organica\catalog\controller\extension\module\ocproduct.php on line 220
2018-01-09 7:29:20 - PHP Notice:  Undefined index: manufacturer_id in D:\xampp\htdocs\Opencart\tt_organica\catalog\controller\extension\module\ocproduct.php on line 221
2018-01-09 7:35:34 - PHP Notice:  Undefined index: product_id in D:\xampp\htdocs\Opencart\tt_organica\catalog\controller\extension\module\ocproduct.php on line 208
2018-01-09 7:35:34 - PHP Notice:  Undefined index: description in D:\xampp\htdocs\Opencart\tt_organica\catalog\controller\extension\module\ocproduct.php on line 211
2018-01-09 7:35:34 - PHP Notice:  Undefined index: product_id in D:\xampp\htdocs\Opencart\tt_organica\catalog\controller\extension\module\ocproduct.php on line 216
2018-01-09 7:35:34 - PHP Notice:  Undefined index: manufacturer in D:\xampp\htdocs\Opencart\tt_organica\catalog\controller\extension\module\ocproduct.php on line 220
2018-01-09 7:35:34 - PHP Notice:  Undefined index: manufacturer_id in D:\xampp\htdocs\Opencart\tt_organica\catalog\controller\extension\module\ocproduct.php on line 221
2018-01-09 7:35:34 - PHP Notice:  Undefined index: product_id in D:\xampp\htdocs\Opencart\tt_organica\catalog\controller\extension\module\ocproduct.php on line 208
2018-01-09 7:35:34 - PHP Notice:  Undefined index: description in D:\xampp\htdocs\Opencart\tt_organica\catalog\controller\extension\module\ocproduct.php on line 211
2018-01-09 7:35:34 - PHP Notice:  Undefined index: product_id in D:\xampp\htdocs\Opencart\tt_organica\catalog\controller\extension\module\ocproduct.php on line 216
2018-01-09 7:35:34 - PHP Notice:  Undefined index: manufacturer in D:\xampp\htdocs\Opencart\tt_organica\catalog\controller\extension\module\ocproduct.php on line 220
2018-01-09 7:35:34 - PHP Notice:  Undefined index: manufacturer_id in D:\xampp\htdocs\Opencart\tt_organica\catalog\controller\extension\module\ocproduct.php on line 221
2018-01-09 7:35:34 - PHP Notice:  Undefined index: product_id in D:\xampp\htdocs\Opencart\tt_organica\catalog\controller\extension\module\ocproduct.php on line 208
2018-01-09 7:35:34 - PHP Notice:  Undefined index: description in D:\xampp\htdocs\Opencart\tt_organica\catalog\controller\extension\module\ocproduct.php on line 211
2018-01-09 7:35:34 - PHP Notice:  Undefined index: product_id in D:\xampp\htdocs\Opencart\tt_organica\catalog\controller\extension\module\ocproduct.php on line 216
2018-01-09 7:35:34 - PHP Notice:  Undefined index: manufacturer in D:\xampp\htdocs\Opencart\tt_organica\catalog\controller\extension\module\ocproduct.php on line 220
2018-01-09 7:35:34 - PHP Notice:  Undefined index: manufacturer_id in D:\xampp\htdocs\Opencart\tt_organica\catalog\controller\extension\module\ocproduct.php on line 221
2018-01-09 7:35:34 - PHP Notice:  Undefined index: product_id in D:\xampp\htdocs\Opencart\tt_organica\catalog\controller\extension\module\ocproduct.php on line 208
2018-01-09 7:35:34 - PHP Notice:  Undefined index: description in D:\xampp\htdocs\Opencart\tt_organica\catalog\controller\extension\module\ocproduct.php on line 211
2018-01-09 7:35:34 - PHP Notice:  Undefined index: product_id in D:\xampp\htdocs\Opencart\tt_organica\catalog\controller\extension\module\ocproduct.php on line 216
2018-01-09 7:35:34 - PHP Notice:  Undefined index: manufacturer in D:\xampp\htdocs\Opencart\tt_organica\catalog\controller\extension\module\ocproduct.php on line 220
2018-01-09 7:35:34 - PHP Notice:  Undefined index: manufacturer_id in D:\xampp\htdocs\Opencart\tt_organica\catalog\controller\extension\module\ocproduct.php on line 221
2018-01-09 7:35:34 - PHP Notice:  Undefined index: product_id in D:\xampp\htdocs\Opencart\tt_organica\catalog\controller\extension\module\ocproduct.php on line 208
2018-01-09 7:35:34 - PHP Notice:  Undefined index: description in D:\xampp\htdocs\Opencart\tt_organica\catalog\controller\extension\module\ocproduct.php on line 211
2018-01-09 7:35:34 - PHP Notice:  Undefined index: product_id in D:\xampp\htdocs\Opencart\tt_organica\catalog\controller\extension\module\ocproduct.php on line 216
2018-01-09 7:35:34 - PHP Notice:  Undefined index: manufacturer in D:\xampp\htdocs\Opencart\tt_organica\catalog\controller\extension\module\ocproduct.php on line 220
2018-01-09 7:35:34 - PHP Notice:  Undefined index: manufacturer_id in D:\xampp\htdocs\Opencart\tt_organica\catalog\controller\extension\module\ocproduct.php on line 221
2018-01-09 7:35:34 - PHP Notice:  Undefined index: product_id in D:\xampp\htdocs\Opencart\tt_organica\catalog\controller\extension\module\ocproduct.php on line 208
2018-01-09 7:35:34 - PHP Notice:  Undefined index: description in D:\xampp\htdocs\Opencart\tt_organica\catalog\controller\extension\module\ocproduct.php on line 211
2018-01-09 7:35:34 - PHP Notice:  Undefined index: product_id in D:\xampp\htdocs\Opencart\tt_organica\catalog\controller\extension\module\ocproduct.php on line 216
2018-01-09 7:35:34 - PHP Notice:  Undefined index: manufacturer in D:\xampp\htdocs\Opencart\tt_organica\catalog\controller\extension\module\ocproduct.php on line 220
2018-01-09 7:35:34 - PHP Notice:  Undefined index: manufacturer_id in D:\xampp\htdocs\Opencart\tt_organica\catalog\controller\extension\module\ocproduct.php on line 221
2018-01-09 7:35:34 - PHP Notice:  Undefined index: product_id in D:\xampp\htdocs\Opencart\tt_organica\catalog\controller\extension\module\ocproduct.php on line 208
2018-01-09 7:35:34 - PHP Notice:  Undefined index: description in D:\xampp\htdocs\Opencart\tt_organica\catalog\controller\extension\module\ocproduct.php on line 211
2018-01-09 7:35:34 - PHP Notice:  Undefined index: product_id in D:\xampp\htdocs\Opencart\tt_organica\catalog\controller\extension\module\ocproduct.php on line 216
2018-01-09 7:35:34 - PHP Notice:  Undefined index: manufacturer in D:\xampp\htdocs\Opencart\tt_organica\catalog\controller\extension\module\ocproduct.php on line 220
2018-01-09 7:35:34 - PHP Notice:  Undefined index: manufacturer_id in D:\xampp\htdocs\Opencart\tt_organica\catalog\controller\extension\module\ocproduct.php on line 221
2018-01-09 7:35:36 - PHP Notice:  Undefined index: product_id in D:\xampp\htdocs\Opencart\tt_organica\catalog\controller\extension\module\ocproduct.php on line 208
2018-01-09 7:35:36 - PHP Notice:  Undefined index: description in D:\xampp\htdocs\Opencart\tt_organica\catalog\controller\extension\module\ocproduct.php on line 211
2018-01-09 7:35:36 - PHP Notice:  Undefined index: product_id in D:\xampp\htdocs\Opencart\tt_organica\catalog\controller\extension\module\ocproduct.php on line 216
2018-01-09 7:35:36 - PHP Notice:  Undefined index: manufacturer in D:\xampp\htdocs\Opencart\tt_organica\catalog\controller\extension\module\ocproduct.php on line 220
2018-01-09 7:35:36 - PHP Notice:  Undefined index: manufacturer_id in D:\xampp\htdocs\Opencart\tt_organica\catalog\controller\extension\module\ocproduct.php on line 221
2018-01-09 7:35:36 - PHP Notice:  Undefined index: product_id in D:\xampp\htdocs\Opencart\tt_organica\catalog\controller\extension\module\ocproduct.php on line 208
2018-01-09 7:35:36 - PHP Notice:  Undefined index: description in D:\xampp\htdocs\Opencart\tt_organica\catalog\controller\extension\module\ocproduct.php on line 211
2018-01-09 7:35:36 - PHP Notice:  Undefined index: product_id in D:\xampp\htdocs\Opencart\tt_organica\catalog\controller\extension\module\ocproduct.php on line 216
2018-01-09 7:35:36 - PHP Notice:  Undefined index: manufacturer in D:\xampp\htdocs\Opencart\tt_organica\catalog\controller\extension\module\ocproduct.php on line 220
2018-01-09 7:35:36 - PHP Notice:  Undefined index: manufacturer_id in D:\xampp\htdocs\Opencart\tt_organica\catalog\controller\extension\module\ocproduct.php on line 221
2018-01-09 7:35:36 - PHP Notice:  Undefined index: product_id in D:\xampp\htdocs\Opencart\tt_organica\catalog\controller\extension\module\ocproduct.php on line 208
2018-01-09 7:35:36 - PHP Notice:  Undefined index: description in D:\xampp\htdocs\Opencart\tt_organica\catalog\controller\extension\module\ocproduct.php on line 211
2018-01-09 7:35:36 - PHP Notice:  Undefined index: product_id in D:\xampp\htdocs\Opencart\tt_organica\catalog\controller\extension\module\ocproduct.php on line 216
2018-01-09 7:35:36 - PHP Notice:  Undefined index: manufacturer in D:\xampp\htdocs\Opencart\tt_organica\catalog\controller\extension\module\ocproduct.php on line 220
2018-01-09 7:35:36 - PHP Notice:  Undefined index: manufacturer_id in D:\xampp\htdocs\Opencart\tt_organica\catalog\controller\extension\module\ocproduct.php on line 221
2018-01-09 7:35:36 - PHP Notice:  Undefined index: product_id in D:\xampp\htdocs\Opencart\tt_organica\catalog\controller\extension\module\ocproduct.php on line 208
2018-01-09 7:35:36 - PHP Notice:  Undefined index: description in D:\xampp\htdocs\Opencart\tt_organica\catalog\controller\extension\module\ocproduct.php on line 211
2018-01-09 7:35:36 - PHP Notice:  Undefined index: product_id in D:\xampp\htdocs\Opencart\tt_organica\catalog\controller\extension\module\ocproduct.php on line 216
2018-01-09 7:35:36 - PHP Notice:  Undefined index: manufacturer in D:\xampp\htdocs\Opencart\tt_organica\catalog\controller\extension\module\ocproduct.php on line 220
2018-01-09 7:35:36 - PHP Notice:  Undefined index: manufacturer_id in D:\xampp\htdocs\Opencart\tt_organica\catalog\controller\extension\module\ocproduct.php on line 221
2018-01-09 7:35:36 - PHP Notice:  Undefined index: product_id in D:\xampp\htdocs\Opencart\tt_organica\catalog\controller\extension\module\ocproduct.php on line 208
2018-01-09 7:35:36 - PHP Notice:  Undefined index: description in D:\xampp\htdocs\Opencart\tt_organica\catalog\controller\extension\module\ocproduct.php on line 211
2018-01-09 7:35:36 - PHP Notice:  Undefined index: product_id in D:\xampp\htdocs\Opencart\tt_organica\catalog\controller\extension\module\ocproduct.php on line 216
2018-01-09 7:35:36 - PHP Notice:  Undefined index: manufacturer in D:\xampp\htdocs\Opencart\tt_organica\catalog\controller\extension\module\ocproduct.php on line 220
2018-01-09 7:35:36 - PHP Notice:  Undefined index: manufacturer_id in D:\xampp\htdocs\Opencart\tt_organica\catalog\controller\extension\module\ocproduct.php on line 221
2018-01-09 7:35:36 - PHP Notice:  Undefined index: product_id in D:\xampp\htdocs\Opencart\tt_organica\catalog\controller\extension\module\ocproduct.php on line 208
2018-01-09 7:35:36 - PHP Notice:  Undefined index: description in D:\xampp\htdocs\Opencart\tt_organica\catalog\controller\extension\module\ocproduct.php on line 211
2018-01-09 7:35:36 - PHP Notice:  Undefined index: product_id in D:\xampp\htdocs\Opencart\tt_organica\catalog\controller\extension\module\ocproduct.php on line 216
2018-01-09 7:35:36 - PHP Notice:  Undefined index: manufacturer in D:\xampp\htdocs\Opencart\tt_organica\catalog\controller\extension\module\ocproduct.php on line 220
2018-01-09 7:35:36 - PHP Notice:  Undefined index: manufacturer_id in D:\xampp\htdocs\Opencart\tt_organica\catalog\controller\extension\module\ocproduct.php on line 221
2018-01-09 7:35:36 - PHP Notice:  Undefined index: product_id in D:\xampp\htdocs\Opencart\tt_organica\catalog\controller\extension\module\ocproduct.php on line 208
2018-01-09 7:35:36 - PHP Notice:  Undefined index: description in D:\xampp\htdocs\Opencart\tt_organica\catalog\controller\extension\module\ocproduct.php on line 211
2018-01-09 7:35:36 - PHP Notice:  Undefined index: product_id in D:\xampp\htdocs\Opencart\tt_organica\catalog\controller\extension\module\ocproduct.php on line 216
2018-01-09 7:35:36 - PHP Notice:  Undefined index: manufacturer in D:\xampp\htdocs\Opencart\tt_organica\catalog\controller\extension\module\ocproduct.php on line 220
2018-01-09 7:35:36 - PHP Notice:  Undefined index: manufacturer_id in D:\xampp\htdocs\Opencart\tt_organica\catalog\controller\extension\module\ocproduct.php on line 221
2018-01-09 7:39:53 - PHP Notice:  Undefined index: product_id in D:\xampp\htdocs\Opencart\tt_organica\catalog\controller\extension\module\ocproduct.php on line 208
2018-01-09 7:39:53 - PHP Notice:  Undefined index: description in D:\xampp\htdocs\Opencart\tt_organica\catalog\controller\extension\module\ocproduct.php on line 211
2018-01-09 7:39:53 - PHP Notice:  Undefined index: product_id in D:\xampp\htdocs\Opencart\tt_organica\catalog\controller\extension\module\ocproduct.php on line 216
2018-01-09 7:39:53 - PHP Notice:  Undefined index: manufacturer in D:\xampp\htdocs\Opencart\tt_organica\catalog\controller\extension\module\ocproduct.php on line 220
2018-01-09 7:39:53 - PHP Notice:  Undefined index: manufacturer_id in D:\xampp\htdocs\Opencart\tt_organica\catalog\controller\extension\module\ocproduct.php on line 221
2018-01-09 7:39:53 - PHP Notice:  Undefined index: product_id in D:\xampp\htdocs\Opencart\tt_organica\catalog\controller\extension\module\ocproduct.php on line 208
2018-01-09 7:39:53 - PHP Notice:  Undefined index: description in D:\xampp\htdocs\Opencart\tt_organica\catalog\controller\extension\module\ocproduct.php on line 211
2018-01-09 7:39:53 - PHP Notice:  Undefined index: product_id in D:\xampp\htdocs\Opencart\tt_organica\catalog\controller\extension\module\ocproduct.php on line 216
2018-01-09 7:39:53 - PHP Notice:  Undefined index: manufacturer in D:\xampp\htdocs\Opencart\tt_organica\catalog\controller\extension\module\ocproduct.php on line 220
2018-01-09 7:39:53 - PHP Notice:  Undefined index: manufacturer_id in D:\xampp\htdocs\Opencart\tt_organica\catalog\controller\extension\module\ocproduct.php on line 221
2018-01-09 7:39:53 - PHP Notice:  Undefined index: product_id in D:\xampp\htdocs\Opencart\tt_organica\catalog\controller\extension\module\ocproduct.php on line 208
2018-01-09 7:39:53 - PHP Notice:  Undefined index: description in D:\xampp\htdocs\Opencart\tt_organica\catalog\controller\extension\module\ocproduct.php on line 211
2018-01-09 7:39:53 - PHP Notice:  Undefined index: product_id in D:\xampp\htdocs\Opencart\tt_organica\catalog\controller\extension\module\ocproduct.php on line 216
2018-01-09 7:39:53 - PHP Notice:  Undefined index: manufacturer in D:\xampp\htdocs\Opencart\tt_organica\catalog\controller\extension\module\ocproduct.php on line 220
2018-01-09 7:39:53 - PHP Notice:  Undefined index: manufacturer_id in D:\xampp\htdocs\Opencart\tt_organica\catalog\controller\extension\module\ocproduct.php on line 221
2018-01-09 7:39:53 - PHP Notice:  Undefined index: product_id in D:\xampp\htdocs\Opencart\tt_organica\catalog\controller\extension\module\ocproduct.php on line 208
2018-01-09 7:39:53 - PHP Notice:  Undefined index: description in D:\xampp\htdocs\Opencart\tt_organica\catalog\controller\extension\module\ocproduct.php on line 211
2018-01-09 7:39:53 - PHP Notice:  Undefined index: product_id in D:\xampp\htdocs\Opencart\tt_organica\catalog\controller\extension\module\ocproduct.php on line 216
2018-01-09 7:39:53 - PHP Notice:  Undefined index: manufacturer in D:\xampp\htdocs\Opencart\tt_organica\catalog\controller\extension\module\ocproduct.php on line 220
2018-01-09 7:39:53 - PHP Notice:  Undefined index: manufacturer_id in D:\xampp\htdocs\Opencart\tt_organica\catalog\controller\extension\module\ocproduct.php on line 221
2018-01-09 7:39:53 - PHP Notice:  Undefined index: product_id in D:\xampp\htdocs\Opencart\tt_organica\catalog\controller\extension\module\ocproduct.php on line 208
2018-01-09 7:39:53 - PHP Notice:  Undefined index: description in D:\xampp\htdocs\Opencart\tt_organica\catalog\controller\extension\module\ocproduct.php on line 211
2018-01-09 7:39:53 - PHP Notice:  Undefined index: product_id in D:\xampp\htdocs\Opencart\tt_organica\catalog\controller\extension\module\ocproduct.php on line 216
2018-01-09 7:39:53 - PHP Notice:  Undefined index: manufacturer in D:\xampp\htdocs\Opencart\tt_organica\catalog\controller\extension\module\ocproduct.php on line 220
2018-01-09 7:39:53 - PHP Notice:  Undefined index: manufacturer_id in D:\xampp\htdocs\Opencart\tt_organica\catalog\controller\extension\module\ocproduct.php on line 221
2018-01-09 7:39:53 - PHP Notice:  Undefined index: product_id in D:\xampp\htdocs\Opencart\tt_organica\catalog\controller\extension\module\ocproduct.php on line 208
2018-01-09 7:39:53 - PHP Notice:  Undefined index: description in D:\xampp\htdocs\Opencart\tt_organica\catalog\controller\extension\module\ocproduct.php on line 211
2018-01-09 7:39:53 - PHP Notice:  Undefined index: product_id in D:\xampp\htdocs\Opencart\tt_organica\catalog\controller\extension\module\ocproduct.php on line 216
2018-01-09 7:39:53 - PHP Notice:  Undefined index: manufacturer in D:\xampp\htdocs\Opencart\tt_organica\catalog\controller\extension\module\ocproduct.php on line 220
2018-01-09 7:39:53 - PHP Notice:  Undefined index: manufacturer_id in D:\xampp\htdocs\Opencart\tt_organica\catalog\controller\extension\module\ocproduct.php on line 221
2018-01-09 7:39:53 - PHP Notice:  Undefined index: product_id in D:\xampp\htdocs\Opencart\tt_organica\catalog\controller\extension\module\ocproduct.php on line 208
2018-01-09 7:39:53 - PHP Notice:  Undefined index: description in D:\xampp\htdocs\Opencart\tt_organica\catalog\controller\extension\module\ocproduct.php on line 211
2018-01-09 7:39:53 - PHP Notice:  Undefined index: product_id in D:\xampp\htdocs\Opencart\tt_organica\catalog\controller\extension\module\ocproduct.php on line 216
2018-01-09 7:39:53 - PHP Notice:  Undefined index: manufacturer in D:\xampp\htdocs\Opencart\tt_organica\catalog\controller\extension\module\ocproduct.php on line 220
2018-01-09 7:39:53 - PHP Notice:  Undefined index: manufacturer_id in D:\xampp\htdocs\Opencart\tt_organica\catalog\controller\extension\module\ocproduct.php on line 221
2018-01-09 7:39:55 - PHP Notice:  Undefined index: product_id in D:\xampp\htdocs\Opencart\tt_organica\catalog\controller\extension\module\ocproduct.php on line 208
2018-01-09 7:39:55 - PHP Notice:  Undefined index: description in D:\xampp\htdocs\Opencart\tt_organica\catalog\controller\extension\module\ocproduct.php on line 211
2018-01-09 7:39:55 - PHP Notice:  Undefined index: product_id in D:\xampp\htdocs\Opencart\tt_organica\catalog\controller\extension\module\ocproduct.php on line 216
2018-01-09 7:39:55 - PHP Notice:  Undefined index: manufacturer in D:\xampp\htdocs\Opencart\tt_organica\catalog\controller\extension\module\ocproduct.php on line 220
2018-01-09 7:39:55 - PHP Notice:  Undefined index: manufacturer_id in D:\xampp\htdocs\Opencart\tt_organica\catalog\controller\extension\module\ocproduct.php on line 221
2018-01-09 7:39:55 - PHP Notice:  Undefined index: product_id in D:\xampp\htdocs\Opencart\tt_organica\catalog\controller\extension\module\ocproduct.php on line 208
2018-01-09 7:39:55 - PHP Notice:  Undefined index: description in D:\xampp\htdocs\Opencart\tt_organica\catalog\controller\extension\module\ocproduct.php on line 211
2018-01-09 7:39:55 - PHP Notice:  Undefined index: product_id in D:\xampp\htdocs\Opencart\tt_organica\catalog\controller\extension\module\ocproduct.php on line 216
2018-01-09 7:39:55 - PHP Notice:  Undefined index: manufacturer in D:\xampp\htdocs\Opencart\tt_organica\catalog\controller\extension\module\ocproduct.php on line 220
2018-01-09 7:39:55 - PHP Notice:  Undefined index: manufacturer_id in D:\xampp\htdocs\Opencart\tt_organica\catalog\controller\extension\module\ocproduct.php on line 221
2018-01-09 7:39:55 - PHP Notice:  Undefined index: product_id in D:\xampp\htdocs\Opencart\tt_organica\catalog\controller\extension\module\ocproduct.php on line 208
2018-01-09 7:39:55 - PHP Notice:  Undefined index: description in D:\xampp\htdocs\Opencart\tt_organica\catalog\controller\extension\module\ocproduct.php on line 211
2018-01-09 7:39:55 - PHP Notice:  Undefined index: product_id in D:\xampp\htdocs\Opencart\tt_organica\catalog\controller\extension\module\ocproduct.php on line 216
2018-01-09 7:39:55 - PHP Notice:  Undefined index: manufacturer in D:\xampp\htdocs\Opencart\tt_organica\catalog\controller\extension\module\ocproduct.php on line 220
2018-01-09 7:39:55 - PHP Notice:  Undefined index: manufacturer_id in D:\xampp\htdocs\Opencart\tt_organica\catalog\controller\extension\module\ocproduct.php on line 221
2018-01-09 7:39:55 - PHP Notice:  Undefined index: product_id in D:\xampp\htdocs\Opencart\tt_organica\catalog\controller\extension\module\ocproduct.php on line 208
2018-01-09 7:39:55 - PHP Notice:  Undefined index: description in D:\xampp\htdocs\Opencart\tt_organica\catalog\controller\extension\module\ocproduct.php on line 211
2018-01-09 7:39:55 - PHP Notice:  Undefined index: product_id in D:\xampp\htdocs\Opencart\tt_organica\catalog\controller\extension\module\ocproduct.php on line 216
2018-01-09 7:39:55 - PHP Notice:  Undefined index: manufacturer in D:\xampp\htdocs\Opencart\tt_organica\catalog\controller\extension\module\ocproduct.php on line 220
2018-01-09 7:39:55 - PHP Notice:  Undefined index: manufacturer_id in D:\xampp\htdocs\Opencart\tt_organica\catalog\controller\extension\module\ocproduct.php on line 221
2018-01-09 7:39:55 - PHP Notice:  Undefined index: product_id in D:\xampp\htdocs\Opencart\tt_organica\catalog\controller\extension\module\ocproduct.php on line 208
2018-01-09 7:39:55 - PHP Notice:  Undefined index: description in D:\xampp\htdocs\Opencart\tt_organica\catalog\controller\extension\module\ocproduct.php on line 211
2018-01-09 7:39:55 - PHP Notice:  Undefined index: product_id in D:\xampp\htdocs\Opencart\tt_organica\catalog\controller\extension\module\ocproduct.php on line 216
2018-01-09 7:39:55 - PHP Notice:  Undefined index: manufacturer in D:\xampp\htdocs\Opencart\tt_organica\catalog\controller\extension\module\ocproduct.php on line 220
2018-01-09 7:39:55 - PHP Notice:  Undefined index: manufacturer_id in D:\xampp\htdocs\Opencart\tt_organica\catalog\controller\extension\module\ocproduct.php on line 221
2018-01-09 7:39:55 - PHP Notice:  Undefined index: product_id in D:\xampp\htdocs\Opencart\tt_organica\catalog\controller\extension\module\ocproduct.php on line 208
2018-01-09 7:39:55 - PHP Notice:  Undefined index: description in D:\xampp\htdocs\Opencart\tt_organica\catalog\controller\extension\module\ocproduct.php on line 211
2018-01-09 7:39:55 - PHP Notice:  Undefined index: product_id in D:\xampp\htdocs\Opencart\tt_organica\catalog\controller\extension\module\ocproduct.php on line 216
2018-01-09 7:39:55 - PHP Notice:  Undefined index: manufacturer in D:\xampp\htdocs\Opencart\tt_organica\catalog\controller\extension\module\ocproduct.php on line 220
2018-01-09 7:39:55 - PHP Notice:  Undefined index: manufacturer_id in D:\xampp\htdocs\Opencart\tt_organica\catalog\controller\extension\module\ocproduct.php on line 221
2018-01-09 7:39:55 - PHP Notice:  Undefined index: product_id in D:\xampp\htdocs\Opencart\tt_organica\catalog\controller\extension\module\ocproduct.php on line 208
2018-01-09 7:39:55 - PHP Notice:  Undefined index: description in D:\xampp\htdocs\Opencart\tt_organica\catalog\controller\extension\module\ocproduct.php on line 211
2018-01-09 7:39:55 - PHP Notice:  Undefined index: product_id in D:\xampp\htdocs\Opencart\tt_organica\catalog\controller\extension\module\ocproduct.php on line 216
2018-01-09 7:39:55 - PHP Notice:  Undefined index: manufacturer in D:\xampp\htdocs\Opencart\tt_organica\catalog\controller\extension\module\ocproduct.php on line 220
2018-01-09 7:39:55 - PHP Notice:  Undefined index: manufacturer_id in D:\xampp\htdocs\Opencart\tt_organica\catalog\controller\extension\module\ocproduct.php on line 221
2018-01-10 4:00:03 - PHP Notice:  Undefined index: newslettersubscribe_thickbox in D:\xampp\htdocs\Opencart\tt_organica\catalog\controller\extension\module\newslettersubscribe.php on line 12
2018-01-10 4:00:03 - PHP Notice:  Undefined index: mobile in D:\xampp\htdocs\Opencart\tt_organica\catalog\controller\extension\module\ochozmegamenu.php on line 12
2018-01-10 4:00:03 - PHP Notice:  Undefined index: sticky in D:\xampp\htdocs\Opencart\tt_organica\catalog\controller\extension\module\ochozmegamenu.php on line 13
2018-01-10 4:00:03 - PHP Notice:  Undefined index: hactive in D:\xampp\htdocs\Opencart\tt_organica\catalog\model\hozmegamenu\menu.php on line 452
2018-01-10 4:00:03 - PHP Notice:  Undefined index: hhome in D:\xampp\htdocs\Opencart\tt_organica\catalog\model\hozmegamenu\menu.php on line 12
2018-01-10 8:42:27 - PHP Notice:  Undefined index: newslettersubscribe_thickbox in D:\xampp\htdocs\Opencart\tt_organica\catalog\controller\extension\module\newslettersubscribe.php on line 12
2018-01-10 8:42:27 - PHP Notice:  Undefined index: list in D:\xampp\htdocs\Opencart\tt_organica\catalog\controller\extension\module\ocblog.php on line 70
2018-01-10 8:42:27 - PHP Notice:  Undefined index: banner_id in D:\xampp\htdocs\Opencart\tt_organica\catalog\controller\extension\module\carousel.php on line 15
2018-01-10 8:42:27 - PHP Notice:  Undefined index: newslettersubscribe_thickbox in D:\xampp\htdocs\Opencart\tt_organica\catalog\controller\extension\module\newslettersubscribe.php on line 12
2018-01-10 8:42:27 - PHP Notice:  Undefined index: h_active_cate in D:\xampp\htdocs\Opencart\tt_organica\catalog\model\vermegamenu\menu.php on line 343
2018-01-10 8:42:27 - PHP Notice:  Undefined index: h_show_homepage in D:\xampp\htdocs\Opencart\tt_organica\catalog\model\vermegamenu\menu.php on line 141
2018-01-10 8:42:27 - PHP Notice:  Undefined index: h_active_cate in D:\xampp\htdocs\Opencart\tt_organica\catalog\model\vermegamenu\menu.php on line 343
2018-01-10 8:42:27 - PHP Notice:  Undefined index: h_show_homepage in D:\xampp\htdocs\Opencart\tt_organica\catalog\model\vermegamenu\menu.php on line 12
2018-01-10 8:42:27 - PHP Notice:  Undefined index: hitem_limit in D:\xampp\htdocs\Opencart\tt_organica\catalog\model\vermegamenu\menu.php on line 13
2018-01-10 8:42:27 - PHP Notice:  Undefined index: sticky in D:\xampp\htdocs\Opencart\tt_organica\catalog\controller\extension\module\ochozmegamenu.php on line 13
2018-01-10 8:42:27 - PHP Notice:  Undefined index: hactive in D:\xampp\htdocs\Opencart\tt_organica\catalog\model\hozmegamenu\menu.php on line 452
2018-01-10 8:42:27 - PHP Notice:  Undefined index: hhome in D:\xampp\htdocs\Opencart\tt_organica\catalog\model\hozmegamenu\menu.php on line 12
2018-01-10 8:42:27 - PHP Notice:  Undefined index: hactive in D:\xampp\htdocs\Opencart\tt_organica\catalog\model\hozmegamenu\menu.php on line 452
2018-01-10 8:42:27 - PHP Notice:  Undefined index: h_active_cate in D:\xampp\htdocs\Opencart\tt_organica\catalog\model\vermegamenu\menu.php on line 343
2018-01-10 8:42:27 - PHP Notice:  Undefined index: h_show_homepage in D:\xampp\htdocs\Opencart\tt_organica\catalog\model\vermegamenu\menu.php on line 141
2018-01-10 8:42:27 - PHP Notice:  Undefined index: h_active_cate in D:\xampp\htdocs\Opencart\tt_organica\catalog\model\vermegamenu\menu.php on line 343
2018-01-10 8:42:27 - PHP Notice:  Undefined index: h_show_homepage in D:\xampp\htdocs\Opencart\tt_organica\catalog\model\vermegamenu\menu.php on line 12
2018-01-10 8:42:27 - PHP Notice:  Undefined index: hitem_limit in D:\xampp\htdocs\Opencart\tt_organica\catalog\model\vermegamenu\menu.php on line 13
2018-01-10 8:42:27 - PHP Notice:  Undefined index: sticky in D:\xampp\htdocs\Opencart\tt_organica\catalog\controller\extension\module\ochozmegamenu.php on line 13
2018-01-10 8:42:27 - PHP Notice:  Undefined index: hactive in D:\xampp\htdocs\Opencart\tt_organica\catalog\model\hozmegamenu\menu.php on line 452
2018-01-10 8:42:27 - PHP Notice:  Undefined index: hhome in D:\xampp\htdocs\Opencart\tt_organica\catalog\model\hozmegamenu\menu.php on line 12
2018-01-10 8:42:27 - PHP Notice:  Undefined index: hactive in D:\xampp\htdocs\Opencart\tt_organica\catalog\model\hozmegamenu\menu.php on line 452
2018-01-11 1:12:56 - PHP Warning:  mysqli::mysqli(): (HY000/2002): No connection could be made because the target machine actively refused it.
 in D:\xampp\htdocs\Opencart\tt_organica\system\library\db\mysqli.php on line 7
2018-01-11 1:12:56 - PHP Warning:  DB\MySQLi::__construct(): Couldn't fetch mysqli in D:\xampp\htdocs\Opencart\tt_organica\system\library\db\mysqli.php on line 10
2018-01-11 1:12:56 - PHP Warning:  DB\MySQLi::__construct(): Couldn't fetch mysqli in D:\xampp\htdocs\Opencart\tt_organica\system\library\db\mysqli.php on line 10
2018-01-11 1:23:02 - PHP Notice:  Undefined index: newslettersubscribe_thickbox in D:\xampp\htdocs\Opencart\tt_organica\catalog\controller\extension\module\newslettersubscribe.php on line 12
2018-01-11 1:23:02 - PHP Notice:  Undefined index: list in D:\xampp\htdocs\Opencart\tt_organica\catalog\controller\extension\module\ocblog.php on line 70
2018-01-11 1:23:02 - PHP Notice:  Undefined index: banner_id in D:\xampp\htdocs\Opencart\tt_organica\catalog\controller\extension\module\carousel.php on line 15
2018-01-11 1:23:02 - PHP Notice:  Undefined index: newslettersubscribe_thickbox in D:\xampp\htdocs\Opencart\tt_organica\catalog\controller\extension\module\newslettersubscribe.php on line 12
2018-01-11 1:23:03 - PHP Notice:  Undefined index: h_active_cate in D:\xampp\htdocs\Opencart\tt_organica\catalog\model\vermegamenu\menu.php on line 343
2018-01-11 1:23:03 - PHP Notice:  Undefined index: h_show_homepage in D:\xampp\htdocs\Opencart\tt_organica\catalog\model\vermegamenu\menu.php on line 141
2018-01-11 1:23:03 - PHP Notice:  Undefined index: h_active_cate in D:\xampp\htdocs\Opencart\tt_organica\catalog\model\vermegamenu\menu.php on line 343
2018-01-11 1:23:03 - PHP Notice:  Undefined index: h_show_homepage in D:\xampp\htdocs\Opencart\tt_organica\catalog\model\vermegamenu\menu.php on line 12
2018-01-11 1:23:03 - PHP Notice:  Undefined index: hitem_limit in D:\xampp\htdocs\Opencart\tt_organica\catalog\model\vermegamenu\menu.php on line 13
2018-01-11 1:23:03 - PHP Notice:  Undefined index: sticky in D:\xampp\htdocs\Opencart\tt_organica\catalog\controller\extension\module\ochozmegamenu.php on line 13
2018-01-11 1:23:03 - PHP Notice:  Undefined index: hactive in D:\xampp\htdocs\Opencart\tt_organica\catalog\model\hozmegamenu\menu.php on line 452
2018-01-11 1:23:03 - PHP Notice:  Undefined index: hhome in D:\xampp\htdocs\Opencart\tt_organica\catalog\model\hozmegamenu\menu.php on line 12
2018-01-11 1:23:03 - PHP Notice:  Undefined index: hactive in D:\xampp\htdocs\Opencart\tt_organica\catalog\model\hozmegamenu\menu.php on line 452
2018-01-11 1:23:03 - PHP Notice:  Undefined index: h_active_cate in D:\xampp\htdocs\Opencart\tt_organica\catalog\model\vermegamenu\menu.php on line 343
2018-01-11 1:23:03 - PHP Notice:  Undefined index: h_show_homepage in D:\xampp\htdocs\Opencart\tt_organica\catalog\model\vermegamenu\menu.php on line 141
2018-01-11 1:23:03 - PHP Notice:  Undefined index: h_active_cate in D:\xampp\htdocs\Opencart\tt_organica\catalog\model\vermegamenu\menu.php on line 343
2018-01-11 1:23:03 - PHP Notice:  Undefined index: h_show_homepage in D:\xampp\htdocs\Opencart\tt_organica\catalog\model\vermegamenu\menu.php on line 12
2018-01-11 1:23:03 - PHP Notice:  Undefined index: hitem_limit in D:\xampp\htdocs\Opencart\tt_organica\catalog\model\vermegamenu\menu.php on line 13
2018-01-11 1:23:03 - PHP Notice:  Undefined index: sticky in D:\xampp\htdocs\Opencart\tt_organica\catalog\controller\extension\module\ochozmegamenu.php on line 13
2018-01-11 1:23:03 - PHP Notice:  Undefined index: hactive in D:\xampp\htdocs\Opencart\tt_organica\catalog\model\hozmegamenu\menu.php on line 452
2018-01-11 1:23:03 - PHP Notice:  Undefined index: hhome in D:\xampp\htdocs\Opencart\tt_organica\catalog\model\hozmegamenu\menu.php on line 12
2018-01-11 1:23:03 - PHP Notice:  Undefined index: hactive in D:\xampp\htdocs\Opencart\tt_organica\catalog\model\hozmegamenu\menu.php on line 452
2018-01-11 2:01:55 - PHP Notice:  Undefined index: h_active_cate in D:\xampp\htdocs\Opencart\tt_organica\catalog\model\vermegamenu\menu.php on line 343
2018-01-11 2:01:55 - PHP Notice:  Undefined index: h_show_homepage in D:\xampp\htdocs\Opencart\tt_organica\catalog\model\vermegamenu\menu.php on line 141
2018-01-11 2:01:55 - PHP Notice:  Undefined index: h_active_cate in D:\xampp\htdocs\Opencart\tt_organica\catalog\model\vermegamenu\menu.php on line 343
2018-01-11 2:01:55 - PHP Notice:  Undefined index: h_show_homepage in D:\xampp\htdocs\Opencart\tt_organica\catalog\model\vermegamenu\menu.php on line 12
2018-01-11 2:01:55 - PHP Notice:  Undefined index: hitem_limit in D:\xampp\htdocs\Opencart\tt_organica\catalog\model\vermegamenu\menu.php on line 13
2018-01-11 2:01:55 - PHP Notice:  Undefined index: sticky in D:\xampp\htdocs\Opencart\tt_organica\catalog\controller\extension\module\ochozmegamenu.php on line 13
2018-01-11 2:01:55 - PHP Notice:  Undefined index: hactive in D:\xampp\htdocs\Opencart\tt_organica\catalog\model\hozmegamenu\menu.php on line 452
2018-01-11 2:01:55 - PHP Notice:  Undefined index: hhome in D:\xampp\htdocs\Opencart\tt_organica\catalog\model\hozmegamenu\menu.php on line 12
2018-01-11 2:01:55 - PHP Notice:  Undefined index: hactive in D:\xampp\htdocs\Opencart\tt_organica\catalog\model\hozmegamenu\menu.php on line 452
2018-01-11 2:01:55 - PHP Notice:  Undefined index: h_active_cate in D:\xampp\htdocs\Opencart\tt_organica\catalog\model\vermegamenu\menu.php on line 343
2018-01-11 2:01:55 - PHP Notice:  Undefined index: h_show_homepage in D:\xampp\htdocs\Opencart\tt_organica\catalog\model\vermegamenu\menu.php on line 141
2018-01-11 2:01:55 - PHP Notice:  Undefined index: h_active_cate in D:\xampp\htdocs\Opencart\tt_organica\catalog\model\vermegamenu\menu.php on line 343
2018-01-11 2:01:55 - PHP Notice:  Undefined index: h_show_homepage in D:\xampp\htdocs\Opencart\tt_organica\catalog\model\vermegamenu\menu.php on line 12
2018-01-11 2:01:55 - PHP Notice:  Undefined index: hitem_limit in D:\xampp\htdocs\Opencart\tt_organica\catalog\model\vermegamenu\menu.php on line 13
2018-01-11 2:01:55 - PHP Notice:  Undefined index: sticky in D:\xampp\htdocs\Opencart\tt_organica\catalog\controller\extension\module\ochozmegamenu.php on line 13
2018-01-11 2:01:55 - PHP Notice:  Undefined index: hactive in D:\xampp\htdocs\Opencart\tt_organica\catalog\model\hozmegamenu\menu.php on line 452
2018-01-11 2:01:55 - PHP Notice:  Undefined index: hhome in D:\xampp\htdocs\Opencart\tt_organica\catalog\model\hozmegamenu\menu.php on line 12
2018-01-11 2:01:55 - PHP Notice:  Undefined index: hactive in D:\xampp\htdocs\Opencart\tt_organica\catalog\model\hozmegamenu\menu.php on line 452
2018-01-12 1:10:41 - PHP Warning:  mysqli::mysqli(): (HY000/2002): No connection could be made because the target machine actively refused it.
 in D:\xampp\htdocs\Opencart\tt_organica\system\library\db\mysqli.php on line 7
2018-01-12 1:10:41 - PHP Warning:  DB\MySQLi::__construct(): Couldn't fetch mysqli in D:\xampp\htdocs\Opencart\tt_organica\system\library\db\mysqli.php on line 10
2018-01-12 1:10:41 - PHP Warning:  DB\MySQLi::__construct(): Couldn't fetch mysqli in D:\xampp\htdocs\Opencart\tt_organica\system\library\db\mysqli.php on line 10
